[0.710s] Invoking command in '/home/go/motor_ws/src/motor_controller': PYTHONPATH=/home/go/motor_ws/build/motor_controller/prefix_override:/usr/lib/python3/dist-packages/colcon_core/task/python/colcon_distutils_commands:/home/go/motor_ws/install/motor_controller/lib/python3.10/site-packages:${PYTHONPATH} /usr/bin/python3 -W ignore:setup.py install is deprecated -W ignore:easy_install command is deprecated setup.py egg_info --egg-base ../../build/motor_controller build --build-base /home/go/motor_ws/build/motor_controller/build install --record /home/go/motor_ws/build/motor_controller/install.log --single-version-externally-managed install_data
[0.869s] running egg_info
[0.869s] writing ../../build/motor_controller/motor_controller.egg-info/PKG-INFO
[0.870s] writing dependency_links to ../../build/motor_controller/motor_controller.egg-info/dependency_links.txt
[0.870s] writing entry points to ../../build/motor_controller/motor_controller.egg-info/entry_points.txt
[0.870s] writing requirements to ../../build/motor_controller/motor_controller.egg-info/requires.txt
[0.870s] writing top-level names to ../../build/motor_controller/motor_controller.egg-info/top_level.txt
[0.871s] reading manifest file '../../build/motor_controller/motor_controller.egg-info/SOURCES.txt'
[0.871s] writing manifest file '../../build/motor_controller/motor_controller.egg-info/SOURCES.txt'
[0.872s] running build
[0.872s] running build_py
[0.872s] copying motor_controller/motor_node.py -> /home/go/motor_ws/build/motor_controller/build/lib/motor_controller
[0.872s] running install
[0.872s] running install_lib
[0.873s] copying /home/go/motor_ws/build/motor_controller/build/lib/motor_controller/motor_node.py -> /home/go/motor_ws/install/motor_controller/lib/python3.10/site-packages/motor_controller
[0.873s] byte-compiling /home/go/motor_ws/install/motor_controller/lib/python3.10/site-packages/motor_controller/motor_node.py to motor_node.cpython-310.pyc
[0.874s] running install_data
[0.874s] running install_egg_info
[0.875s] removing '/home/go/motor_ws/install/motor_controller/lib/python3.10/site-packages/motor_controller-0.0.0-py3.10.egg-info' (and everything under it)
[0.875s] Copying ../../build/motor_controller/motor_controller.egg-info to /home/go/motor_ws/install/motor_controller/lib/python3.10/site-packages/motor_controller-0.0.0-py3.10.egg-info
[0.876s] running install_scripts
[0.892s] Installing motor_node script to /home/go/motor_ws/install/motor_controller/lib/motor_controller
[0.892s] writing list of installed files to '/home/go/motor_ws/build/motor_controller/install.log'
[0.936s] Invoked command in '/home/go/motor_ws/src/motor_controller' returned '0': PYTHONPATH=/home/go/motor_ws/build/motor_controller/prefix_override:/usr/lib/python3/dist-packages/colcon_core/task/python/colcon_distutils_commands:/home/go/motor_ws/install/motor_controller/lib/python3.10/site-packages:${PYTHONPATH} /usr/bin/python3 -W ignore:setup.py install is deprecated -W ignore:easy_install command is deprecated setup.py egg_info --egg-base ../../build/motor_controller build --build-base /home/go/motor_ws/build/motor_controller/build install --record /home/go/motor_ws/build/motor_controller/install.log --single-version-externally-managed install_data
