[0.013s] Invoking command in '/home/go/motor_ws/build/md_controller': CMAKE_PREFIX_PATH=${CMAKE_PREFIX_PATH}:/home/go/ros2_ws/install/sim_test:/home/go/ros2_ws/install/human_tracker:/home/go/ros2_ws/install/golf_simulation:/home/go/ros2_ws/install/depth_map:/home/go/ros2_ws/install/camera_calibration:/home/go/ros2_ws/install/caddie_urdf:/home/go/motor_ws/install/md_teleop:/home/go/ros2_ws/install/md_teleop:/home/go/ros2_ws/src/human_tracker/install/human_tracker:/home/go/ros2_ws/src/sim_test/install/sim_test:/opt/ros/humble /usr/bin/cmake --build /home/go/motor_ws/build/md_controller -- -j16 -l16
[0.070s] [100%] Built target md_controller
[0.166s] Invoked command in '/home/go/motor_ws/build/md_controller' returned '0': CMAKE_PREFIX_PATH=${CMAKE_PREFIX_PATH}:/home/go/ros2_ws/install/sim_test:/home/go/ros2_ws/install/human_tracker:/home/go/ros2_ws/install/golf_simulation:/home/go/ros2_ws/install/depth_map:/home/go/ros2_ws/install/camera_calibration:/home/go/ros2_ws/install/caddie_urdf:/home/go/motor_ws/install/md_teleop:/home/go/ros2_ws/install/md_teleop:/home/go/ros2_ws/src/human_tracker/install/human_tracker:/home/go/ros2_ws/src/sim_test/install/sim_test:/opt/ros/humble /usr/bin/cmake --build /home/go/motor_ws/build/md_controller -- -j16 -l16
[0.178s] Invoking command in '/home/go/motor_ws/build/md_controller': CMAKE_PREFIX_PATH=${CMAKE_PREFIX_PATH}:/home/go/ros2_ws/install/sim_test:/home/go/ros2_ws/install/human_tracker:/home/go/ros2_ws/install/golf_simulation:/home/go/ros2_ws/install/depth_map:/home/go/ros2_ws/install/camera_calibration:/home/go/ros2_ws/install/caddie_urdf:/home/go/motor_ws/install/md_teleop:/home/go/ros2_ws/install/md_teleop:/home/go/ros2_ws/src/human_tracker/install/human_tracker:/home/go/ros2_ws/src/sim_test/install/sim_test:/opt/ros/humble /usr/bin/cmake --install /home/go/motor_ws/build/md_controller
[0.183s] -- Install configuration: ""
[0.183s] -- Execute custom install script
[0.184s] -- Up-to-date symlink: /home/go/motor_ws/install/md_controller/share/md_controller/launch/md_controller.launch.py
[0.184s] -- Up-to-date symlink: /home/go/motor_ws/install/md_controller/share/md_controller/rviz/md.rviz
[0.184s] -- Up-to-date symlink: /home/go/motor_ws/install/md_controller/share/md_controller/include/md_controller/com.hpp
[0.185s] -- Up-to-date symlink: /home/go/motor_ws/install/md_controller/lib/md_controller/md_controller
[0.185s] -- Up-to-date symlink: /home/go/motor_ws/install/md_controller/share/ament_index/resource_index/package_run_dependencies/md_controller
[0.185s] -- Up-to-date symlink: /home/go/motor_ws/install/md_controller/share/ament_index/resource_index/parent_prefix_path/md_controller
[0.185s] -- Up-to-date symlink: /home/go/motor_ws/install/md_controller/share/md_controller/environment/ament_prefix_path.sh
[0.185s] -- Up-to-date symlink: /home/go/motor_ws/install/md_controller/share/md_controller/environment/ament_prefix_path.dsv
[0.185s] -- Up-to-date symlink: /home/go/motor_ws/install/md_controller/share/md_controller/environment/path.sh
[0.185s] -- Up-to-date symlink: /home/go/motor_ws/install/md_controller/share/md_controller/environment/path.dsv
[0.185s] -- Up-to-date symlink: /home/go/motor_ws/install/md_controller/share/md_controller/local_setup.bash
[0.185s] -- Up-to-date symlink: /home/go/motor_ws/install/md_controller/share/md_controller/local_setup.sh
[0.185s] -- Up-to-date symlink: /home/go/motor_ws/install/md_controller/share/md_controller/local_setup.zsh
[0.185s] -- Up-to-date symlink: /home/go/motor_ws/install/md_controller/share/md_controller/local_setup.dsv
[0.185s] -- Symlinking: /home/go/motor_ws/install/md_controller/share/md_controller/package.dsv
[0.193s] -- Up-to-date symlink: /home/go/motor_ws/install/md_controller/share/ament_index/resource_index/packages/md_controller
[0.194s] -- Up-to-date symlink: /home/go/motor_ws/install/md_controller/share/md_controller/cmake/md_controllerConfig.cmake
[0.194s] -- Up-to-date symlink: /home/go/motor_ws/install/md_controller/share/md_controller/cmake/md_controllerConfig-version.cmake
[0.194s] -- Up-to-date symlink: /home/go/motor_ws/install/md_controller/share/md_controller/package.xml
[0.196s] Invoked command in '/home/go/motor_ws/build/md_controller' returned '0': CMAKE_PREFIX_PATH=${CMAKE_PREFIX_PATH}:/home/go/ros2_ws/install/sim_test:/home/go/ros2_ws/install/human_tracker:/home/go/ros2_ws/install/golf_simulation:/home/go/ros2_ws/install/depth_map:/home/go/ros2_ws/install/camera_calibration:/home/go/ros2_ws/install/caddie_urdf:/home/go/motor_ws/install/md_teleop:/home/go/ros2_ws/install/md_teleop:/home/go/ros2_ws/src/human_tracker/install/human_tracker:/home/go/ros2_ws/src/sim_test/install/sim_test:/opt/ros/humble /usr/bin/cmake --install /home/go/motor_ws/build/md_controller
