running develop
running egg_info
creating md_teleop.egg-info
writing md_teleop.egg-info/PKG-INFO
writing dependency_links to md_teleop.egg-info/dependency_links.txt
writing entry points to md_teleop.egg-info/entry_points.txt
writing requirements to md_teleop.egg-info/requires.txt
writing top-level names to md_teleop.egg-info/top_level.txt
writing manifest file 'md_teleop.egg-info/SOURCES.txt'
reading manifest file 'md_teleop.egg-info/SOURCES.txt'
writing manifest file 'md_teleop.egg-info/SOURCES.txt'
running build_ext
Creating /home/go/motor_ws/install/md_teleop/lib/python3.10/site-packages/md-teleop.egg-link (link to .)
Installing md_teleop_key_node script to /home/go/motor_ws/install/md_teleop/lib/md_teleop

Installed /home/go/motor_ws/build/md_teleop
running symlink_data
creating /home/go/motor_ws/install/md_teleop/share/ament_index
creating /home/go/motor_ws/install/md_teleop/share/ament_index/resource_index
creating /home/go/motor_ws/install/md_teleop/share/ament_index/resource_index/packages
symbolically linking /home/go/motor_ws/build/md_teleop/resource/md_teleop -> /home/go/motor_ws/install/md_teleop/share/ament_index/resource_index/packages
symbolically linking /home/go/motor_ws/build/md_teleop/package.xml -> /home/go/motor_ws/install/md_teleop/share/md_teleop
