[0.356s] Invoking command in '/home/go/motor_ws/build/md_teleop': PYTHONPATH=/home/go/motor_ws/build/md_teleop/prefix_override:/usr/lib/python3/dist-packages/colcon_core/task/python/colcon_distutils_commands:/home/go/motor_ws/install/md_teleop/lib/python3.10/site-packages:${PYTHONPATH} /usr/bin/python3 -W ignore:setup.py install is deprecated -W ignore:easy_install command is deprecated setup.py develop --editable --build-directory /home/go/motor_ws/build/md_teleop/build --no-deps symlink_data
[0.496s] running develop
[0.580s] running egg_info
[0.580s] creating md_teleop.egg-info
[0.580s] writing md_teleop.egg-info/PKG-INFO
[0.580s] writing dependency_links to md_teleop.egg-info/dependency_links.txt
[0.580s] writing entry points to md_teleop.egg-info/entry_points.txt
[0.580s] writing requirements to md_teleop.egg-info/requires.txt
[0.580s] writing top-level names to md_teleop.egg-info/top_level.txt
[0.580s] writing manifest file 'md_teleop.egg-info/SOURCES.txt'
[0.582s] reading manifest file 'md_teleop.egg-info/SOURCES.txt'
[0.582s] writing manifest file 'md_teleop.egg-info/SOURCES.txt'
[0.583s] running build_ext
[0.583s] Creating /home/go/motor_ws/install/md_teleop/lib/python3.10/site-packages/md-teleop.egg-link (link to .)
[0.583s] Installing md_teleop_key_node script to /home/go/motor_ws/install/md_teleop/lib/md_teleop
[0.584s] 
[0.584s] Installed /home/go/motor_ws/build/md_teleop
[0.584s] running symlink_data
[0.584s] creating /home/go/motor_ws/install/md_teleop/share/ament_index
[0.584s] creating /home/go/motor_ws/install/md_teleop/share/ament_index/resource_index
[0.584s] creating /home/go/motor_ws/install/md_teleop/share/ament_index/resource_index/packages
[0.584s] symbolically linking /home/go/motor_ws/build/md_teleop/resource/md_teleop -> /home/go/motor_ws/install/md_teleop/share/ament_index/resource_index/packages
[0.584s] symbolically linking /home/go/motor_ws/build/md_teleop/package.xml -> /home/go/motor_ws/install/md_teleop/share/md_teleop
[0.609s] Invoked command in '/home/go/motor_ws/build/md_teleop' returned '0': PYTHONPATH=/home/go/motor_ws/build/md_teleop/prefix_override:/usr/lib/python3/dist-packages/colcon_core/task/python/colcon_distutils_commands:/home/go/motor_ws/install/md_teleop/lib/python3.10/site-packages:${PYTHONPATH} /usr/bin/python3 -W ignore:setup.py install is deprecated -W ignore:easy_install command is deprecated setup.py develop --editable --build-directory /home/go/motor_ws/build/md_teleop/build --no-deps symlink_data
