[0.056s] DEBUG:colcon:Command line arguments: ['/usr/bin/colcon', 'build']
[0.056s] DEBUG:colcon:Parsed command line arguments: Namespace(log_base=None, log_level=None, verb_name='build', build_base='build', install_base='install', merge_install=False, symlink_install=False, test_result_base=None, continue_on_error=False, executor='parallel', parallel_workers=16, event_handlers=None, ignore_user_meta=False, metas=['./colcon.meta'], base_paths=['.'], packages_ignore=None, packages_ignore_regex=None, paths=None, packages_up_to=None, packages_up_to_regex=None, packages_above=None, packages_above_and_dependencies=None, packages_above_depth=None, packages_select_by_dep=None, packages_skip_by_dep=None, packages_skip_up_to=None, packages_select_build_failed=False, packages_skip_build_finished=False, packages_select_test_failures=False, packages_skip_test_passed=False, packages_select=None, packages_skip=None, packages_select_regex=None, packages_skip_regex=None, packages_start=None, packages_end=None, allow_overriding=[], cmake_args=None, cmake_target=None, cmake_target_skip_unavailable=False, cmake_clean_cache=False, cmake_clean_first=False, cmake_force_configure=False, ament_cmake_args=None, catkin_cmake_args=None, catkin_skip_building_tests=False, mixin_files=None, mixin=None, verb_parser=<colcon_mixin.mixin.mixin_argument.MixinArgumentDecorator object at 0x7153c9b67430>, verb_extension=<colcon_core.verb.build.BuildVerb object at 0x7153c9b67010>, main=<bound method BuildVerb.main of <colcon_core.verb.build.BuildVerb object at 0x7153c9b67010>>, mixin_verb=('build',))
[0.140s] Level 1:colcon.colcon_core.package_discovery:discover_packages(colcon_meta) check parameters
[0.140s] Level 1:colcon.colcon_core.package_discovery:discover_packages(recursive) check parameters
[0.140s] Level 1:colcon.colcon_core.package_discovery:discover_packages(ignore) check parameters
[0.140s] Level 1:colcon.colcon_core.package_discovery:discover_packages(path) check parameters
[0.140s] Level 1:colcon.colcon_core.package_discovery:discover_packages(colcon_meta) discover
[0.141s] Level 1:colcon.colcon_core.package_discovery:discover_packages(recursive) discover
[0.141s] INFO:colcon.colcon_core.package_discovery:Crawling recursively for packages in '/home/go/motor_ws'
[0.141s] Level 1:colcon.colcon_core.package_identification:_identify(.) by extensions ['ignore', 'ignore_ament_install']
[0.141s] Level 1:colcon.colcon_core.package_identification:_identify(.) by extension 'ignore'
[0.141s] Level 1:colcon.colcon_core.package_identification:_identify(.) by extension 'ignore_ament_install'
[0.141s] Level 1:colcon.colcon_core.package_identification:_identify(.) by extensions ['colcon_pkg']
[0.141s] Level 1:colcon.colcon_core.package_identification:_identify(.) by extension 'colcon_pkg'
[0.141s] Level 1:colcon.colcon_core.package_identification:_identify(.) by extensions ['colcon_meta']
[0.141s] Level 1:colcon.colcon_core.package_identification:_identify(.) by extension 'colcon_meta'
[0.141s] Level 1:colcon.colcon_core.package_identification:_identify(.) by extensions ['ros']
[0.141s] Level 1:colcon.colcon_core.package_identification:_identify(.) by extension 'ros'
[0.147s] Level 1:colcon.colcon_core.package_identification:_identify(.) by extensions ['cmake', 'python']
[0.147s] Level 1:colcon.colcon_core.package_identification:_identify(.) by extension 'cmake'
[0.147s] Level 1:colcon.colcon_core.package_identification:_identify(.) by extension 'python'
[0.147s] Level 1:colcon.colcon_core.package_identification:_identify(.) by extensions ['python_setup_py']
[0.147s] Level 1:colcon.colcon_core.package_identification:_identify(.) by extension 'python_setup_py'
[0.147s] Level 1:colcon.colcon_core.package_identification:_identify(build) by extensions ['ignore', 'ignore_ament_install']
[0.147s] Level 1:colcon.colcon_core.package_identification:_identify(build) by extension 'ignore'
[0.147s] Level 1:colcon.colcon_core.package_identification:_identify(build) ignored
[0.147s] Level 1:colcon.colcon_core.package_identification:_identify(install) by extensions ['ignore', 'ignore_ament_install']
[0.147s] Level 1:colcon.colcon_core.package_identification:_identify(install) by extension 'ignore'
[0.147s] Level 1:colcon.colcon_core.package_identification:_identify(install) ignored
[0.147s] Level 1:colcon.colcon_core.package_identification:_identify(log) by extensions ['ignore', 'ignore_ament_install']
[0.147s] Level 1:colcon.colcon_core.package_identification:_identify(log) by extension 'ignore'
[0.147s] Level 1:colcon.colcon_core.package_identification:_identify(log) ignored
[0.147s] Level 1:colcon.colcon_core.package_identification:_identify(src) by extensions ['ignore', 'ignore_ament_install']
[0.147s] Level 1:colcon.colcon_core.package_identification:_identify(src) by extension 'ignore'
[0.147s] Level 1:colcon.colcon_core.package_identification:_identify(src) by extension 'ignore_ament_install'
[0.147s] Level 1:colcon.colcon_core.package_identification:_identify(src) by extensions ['colcon_pkg']
[0.147s] Level 1:colcon.colcon_core.package_identification:_identify(src) by extension 'colcon_pkg'
[0.147s] Level 1:colcon.colcon_core.package_identification:_identify(src) by extensions ['colcon_meta']
[0.147s] Level 1:colcon.colcon_core.package_identification:_identify(src) by extension 'colcon_meta'
[0.147s] Level 1:colcon.colcon_core.package_identification:_identify(src) by extensions ['ros']
[0.147s] Level 1:colcon.colcon_core.package_identification:_identify(src) by extension 'ros'
[0.147s] Level 1:colcon.colcon_core.package_identification:_identify(src) by extensions ['cmake', 'python']
[0.147s] Level 1:colcon.colcon_core.package_identification:_identify(src) by extension 'cmake'
[0.147s] Level 1:colcon.colcon_core.package_identification:_identify(src) by extension 'python'
[0.147s] Level 1:colcon.colcon_core.package_identification:_identify(src) by extensions ['python_setup_py']
[0.147s] Level 1:colcon.colcon_core.package_identification:_identify(src) by extension 'python_setup_py'
[0.147s] Level 1:colcon.colcon_core.package_identification:_identify(src/md_controller) by extensions ['ignore', 'ignore_ament_install']
[0.147s] Level 1:colcon.colcon_core.package_identification:_identify(src/md_controller) by extension 'ignore'
[0.147s] Level 1:colcon.colcon_core.package_identification:_identify(src/md_controller) by extension 'ignore_ament_install'
[0.147s] Level 1:colcon.colcon_core.package_identification:_identify(src/md_controller) by extensions ['colcon_pkg']
[0.147s] Level 1:colcon.colcon_core.package_identification:_identify(src/md_controller) by extension 'colcon_pkg'
[0.147s] Level 1:colcon.colcon_core.package_identification:_identify(src/md_controller) by extensions ['colcon_meta']
[0.148s] Level 1:colcon.colcon_core.package_identification:_identify(src/md_controller) by extension 'colcon_meta'
[0.148s] Level 1:colcon.colcon_core.package_identification:_identify(src/md_controller) by extensions ['ros']
[0.148s] Level 1:colcon.colcon_core.package_identification:_identify(src/md_controller) by extension 'ros'
[0.149s] DEBUG:colcon.colcon_core.package_identification:Package 'src/md_controller' with type 'ros.ament_cmake' and name 'md_controller'
[0.149s] Level 1:colcon.colcon_core.package_identification:_identify(src/md_teleop) by extensions ['ignore', 'ignore_ament_install']
[0.149s] Level 1:colcon.colcon_core.package_identification:_identify(src/md_teleop) by extension 'ignore'
[0.149s] Level 1:colcon.colcon_core.package_identification:_identify(src/md_teleop) by extension 'ignore_ament_install'
[0.149s] Level 1:colcon.colcon_core.package_identification:_identify(src/md_teleop) by extensions ['colcon_pkg']
[0.149s] Level 1:colcon.colcon_core.package_identification:_identify(src/md_teleop) by extension 'colcon_pkg'
[0.149s] Level 1:colcon.colcon_core.package_identification:_identify(src/md_teleop) by extensions ['colcon_meta']
[0.149s] Level 1:colcon.colcon_core.package_identification:_identify(src/md_teleop) by extension 'colcon_meta'
[0.149s] Level 1:colcon.colcon_core.package_identification:_identify(src/md_teleop) by extensions ['ros']
[0.149s] Level 1:colcon.colcon_core.package_identification:_identify(src/md_teleop) by extension 'ros'
[0.149s] DEBUG:colcon.colcon_core.package_identification:Package 'src/md_teleop' with type 'ros.ament_python' and name 'md_teleop'
[0.149s] Level 1:colcon.colcon_core.package_discovery:discover_packages(recursive) using defaults
[0.150s] Level 1:colcon.colcon_core.package_discovery:discover_packages(ignore) discover
[0.150s] Level 1:colcon.colcon_core.package_discovery:discover_packages(ignore) using defaults
[0.150s] Level 1:colcon.colcon_core.package_discovery:discover_packages(path) discover
[0.150s] Level 1:colcon.colcon_core.package_discovery:discover_packages(path) using defaults
[0.167s] Level 1:colcon.colcon_core.package_discovery:discover_packages(prefix_path) check parameters
[0.167s] Level 1:colcon.colcon_core.package_discovery:discover_packages(prefix_path) discover
[0.168s] DEBUG:colcon.colcon_installed_package_information.package_discovery:Found 2 installed packages in /home/go/ros2_ws/install
[0.168s] DEBUG:colcon.colcon_installed_package_information.package_discovery:Found 1 installed packages in /home/go/ros2_ws/src/human_tracker/install
[0.168s] DEBUG:colcon.colcon_installed_package_information.package_discovery:Found 1 installed packages in /home/go/ros2_ws/src/sim_test/install
[0.168s] DEBUG:colcon.colcon_installed_package_information.package_discovery:Found 0 installed packages in /home/go/install
[0.169s] DEBUG:colcon.colcon_installed_package_information.package_discovery:Found 340 installed packages in /opt/ros/humble
[0.170s] Level 1:colcon.colcon_core.package_discovery:discover_packages(prefix_path) using defaults
[0.192s] Level 5:colcon.colcon_core.verb:set package 'md_controller' build argument 'cmake_args' from command line to 'None'
[0.192s] Level 5:colcon.colcon_core.verb:set package 'md_controller' build argument 'cmake_target' from command line to 'None'
[0.192s] Level 5:colcon.colcon_core.verb:set package 'md_controller' build argument 'cmake_target_skip_unavailable' from command line to 'False'
[0.192s] Level 5:colcon.colcon_core.verb:set package 'md_controller' build argument 'cmake_clean_cache' from command line to 'False'
[0.192s] Level 5:colcon.colcon_core.verb:set package 'md_controller' build argument 'cmake_clean_first' from command line to 'False'
[0.192s] Level 5:colcon.colcon_core.verb:set package 'md_controller' build argument 'cmake_force_configure' from command line to 'False'
[0.192s] Level 5:colcon.colcon_core.verb:set package 'md_controller' build argument 'ament_cmake_args' from command line to 'None'
[0.192s] Level 5:colcon.colcon_core.verb:set package 'md_controller' build argument 'catkin_cmake_args' from command line to 'None'
[0.192s] Level 5:colcon.colcon_core.verb:set package 'md_controller' build argument 'catkin_skip_building_tests' from command line to 'False'
[0.192s] DEBUG:colcon.colcon_core.verb:Building package 'md_controller' with the following arguments: {'ament_cmake_args': None, 'build_base': '/home/go/motor_ws/build/md_controller', 'catkin_cmake_args': None, 'catkin_skip_building_tests': False, 'cmake_args': None, 'cmake_clean_cache': False, 'cmake_clean_first': False, 'cmake_force_configure': False, 'cmake_target': None, 'cmake_target_skip_unavailable': False, 'install_base': '/home/go/motor_ws/install/md_controller', 'merge_install': False, 'path': '/home/go/motor_ws/src/md_controller', 'symlink_install': False, 'test_result_base': None}
[0.192s] Level 5:colcon.colcon_core.verb:set package 'md_teleop' build argument 'cmake_args' from command line to 'None'
[0.192s] Level 5:colcon.colcon_core.verb:set package 'md_teleop' build argument 'cmake_target' from command line to 'None'
[0.192s] Level 5:colcon.colcon_core.verb:set package 'md_teleop' build argument 'cmake_target_skip_unavailable' from command line to 'False'
[0.192s] Level 5:colcon.colcon_core.verb:set package 'md_teleop' build argument 'cmake_clean_cache' from command line to 'False'
[0.192s] Level 5:colcon.colcon_core.verb:set package 'md_teleop' build argument 'cmake_clean_first' from command line to 'False'
[0.192s] Level 5:colcon.colcon_core.verb:set package 'md_teleop' build argument 'cmake_force_configure' from command line to 'False'
[0.192s] Level 5:colcon.colcon_core.verb:set package 'md_teleop' build argument 'ament_cmake_args' from command line to 'None'
[0.192s] Level 5:colcon.colcon_core.verb:set package 'md_teleop' build argument 'catkin_cmake_args' from command line to 'None'
[0.192s] Level 5:colcon.colcon_core.verb:set package 'md_teleop' build argument 'catkin_skip_building_tests' from command line to 'False'
[0.192s] DEBUG:colcon.colcon_core.verb:Building package 'md_teleop' with the following arguments: {'ament_cmake_args': None, 'build_base': '/home/go/motor_ws/build/md_teleop', 'catkin_cmake_args': None, 'catkin_skip_building_tests': False, 'cmake_args': None, 'cmake_clean_cache': False, 'cmake_clean_first': False, 'cmake_force_configure': False, 'cmake_target': None, 'cmake_target_skip_unavailable': False, 'install_base': '/home/go/motor_ws/install/md_teleop', 'merge_install': False, 'path': '/home/go/motor_ws/src/md_teleop', 'symlink_install': False, 'test_result_base': None}
[0.192s] INFO:colcon.colcon_core.executor:Executing jobs using 'parallel' executor
[0.193s] DEBUG:colcon.colcon_parallel_executor.executor.parallel:run_until_complete
[0.193s] INFO:colcon.colcon_ros.task.ament_cmake.build:Building ROS package in '/home/go/motor_ws/src/md_controller' with build type 'ament_cmake'
[0.193s] INFO:colcon.colcon_cmake.task.cmake.build:Building CMake package in '/home/go/motor_ws/src/md_controller'
[0.194s] INFO:colcon.colcon_core.plugin_system:Skipping extension 'colcon_core.shell.bat': Not used on non-Windows systems
[0.194s] INFO:colcon.colcon_core.shell:Skip shell extension 'powershell' for command environment: Not usable outside of PowerShell
[0.194s] DEBUG:colcon.colcon_core.shell:Skip shell extension 'dsv' for command environment
[0.197s] INFO:colcon.colcon_ros.task.ament_python.build:Building ROS package in '/home/go/motor_ws/src/md_teleop' with build type 'ament_python'
[0.197s] Level 1:colcon.colcon_core.shell:create_environment_hook('md_teleop', 'ament_prefix_path')
[0.197s] INFO:colcon.colcon_core.shell:Creating environment hook '/home/go/motor_ws/install/md_teleop/share/md_teleop/hook/ament_prefix_path.ps1'
[0.198s] INFO:colcon.colcon_core.shell:Creating environment descriptor '/home/go/motor_ws/install/md_teleop/share/md_teleop/hook/ament_prefix_path.dsv'
[0.198s] INFO:colcon.colcon_core.shell:Creating environment hook '/home/go/motor_ws/install/md_teleop/share/md_teleop/hook/ament_prefix_path.sh'
[0.198s] INFO:colcon.colcon_core.shell:Skip shell extension 'powershell' for command environment: Not usable outside of PowerShell
[0.199s] DEBUG:colcon.colcon_core.shell:Skip shell extension 'dsv' for command environment
[0.204s] DEBUG:colcon.colcon_core.event_handler.log_command:Invoking command in '/home/go/motor_ws/build/md_controller': CMAKE_PREFIX_PATH=${CMAKE_PREFIX_PATH}:/home/go/ros2_ws/install/md_teleop:/home/go/ros2_ws/src/human_tracker/install/human_tracker:/home/go/ros2_ws/src/sim_test/install/sim_test:/opt/ros/humble /usr/bin/cmake --build /home/go/motor_ws/build/md_controller -- -j16 -l16
[0.350s] INFO:colcon.colcon_core.task.python.build:Building Python package in '/home/go/motor_ws/src/md_teleop'
[0.351s] INFO:colcon.colcon_core.shell:Skip shell extension 'powershell' for command environment: Not usable outside of PowerShell
[0.351s] DEBUG:colcon.colcon_core.shell:Skip shell extension 'dsv' for command environment
[0.356s] DEBUG:colcon.colcon_core.event_handler.log_command:Invoked command in '/home/go/motor_ws/build/md_controller' returned '0': CMAKE_PREFIX_PATH=${CMAKE_PREFIX_PATH}:/home/go/ros2_ws/install/md_teleop:/home/go/ros2_ws/src/human_tracker/install/human_tracker:/home/go/ros2_ws/src/sim_test/install/sim_test:/opt/ros/humble /usr/bin/cmake --build /home/go/motor_ws/build/md_controller -- -j16 -l16
[0.369s] DEBUG:colcon.colcon_core.event_handler.log_command:Invoking command in '/home/go/motor_ws/build/md_controller': CMAKE_PREFIX_PATH=${CMAKE_PREFIX_PATH}:/home/go/ros2_ws/install/md_teleop:/home/go/ros2_ws/src/human_tracker/install/human_tracker:/home/go/ros2_ws/src/sim_test/install/sim_test:/opt/ros/humble /usr/bin/cmake --install /home/go/motor_ws/build/md_controller
[0.385s] Level 1:colcon.colcon_core.environment:create_environment_scripts_only(md_controller)
[0.385s] DEBUG:colcon.colcon_core.event_handler.log_command:Invoked command in '/home/go/motor_ws/build/md_controller' returned '0': CMAKE_PREFIX_PATH=${CMAKE_PREFIX_PATH}:/home/go/ros2_ws/install/md_teleop:/home/go/ros2_ws/src/human_tracker/install/human_tracker:/home/go/ros2_ws/src/sim_test/install/sim_test:/opt/ros/humble /usr/bin/cmake --install /home/go/motor_ws/build/md_controller
[0.387s] Level 1:colcon.colcon_core.environment:checking '/home/go/motor_ws/install/md_controller' for CMake module files
[0.387s] Level 1:colcon.colcon_core.environment:checking '/home/go/motor_ws/install/md_controller' for CMake config files
[0.387s] Level 1:colcon.colcon_core.shell:create_environment_hook('md_controller', 'cmake_prefix_path')
[0.387s] INFO:colcon.colcon_core.shell:Creating environment hook '/home/go/motor_ws/install/md_controller/share/md_controller/hook/cmake_prefix_path.ps1'
[0.388s] INFO:colcon.colcon_core.shell:Creating environment descriptor '/home/go/motor_ws/install/md_controller/share/md_controller/hook/cmake_prefix_path.dsv'
[0.388s] INFO:colcon.colcon_core.shell:Creating environment hook '/home/go/motor_ws/install/md_controller/share/md_controller/hook/cmake_prefix_path.sh'
[0.389s] Level 1:colcon.colcon_core.environment:checking '/home/go/motor_ws/install/md_controller/lib'
[0.389s] Level 1:colcon.colcon_core.environment:checking '/home/go/motor_ws/install/md_controller/bin'
[0.389s] Level 1:colcon.colcon_core.environment:checking '/home/go/motor_ws/install/md_controller/lib/pkgconfig/md_controller.pc'
[0.389s] Level 1:colcon.colcon_core.environment:checking '/home/go/motor_ws/install/md_controller/lib/python3.10/site-packages'
[0.389s] Level 1:colcon.colcon_core.environment:checking '/home/go/motor_ws/install/md_controller/bin'
[0.389s] INFO:colcon.colcon_core.shell:Creating package script '/home/go/motor_ws/install/md_controller/share/md_controller/package.ps1'
[0.390s] INFO:colcon.colcon_core.shell:Creating package descriptor '/home/go/motor_ws/install/md_controller/share/md_controller/package.dsv'
[0.390s] INFO:colcon.colcon_core.shell:Creating package script '/home/go/motor_ws/install/md_controller/share/md_controller/package.sh'
[0.390s] INFO:colcon.colcon_core.shell:Creating package script '/home/go/motor_ws/install/md_controller/share/md_controller/package.bash'
[0.391s] INFO:colcon.colcon_core.shell:Creating package script '/home/go/motor_ws/install/md_controller/share/md_controller/package.zsh'
[0.391s] Level 1:colcon.colcon_core.environment:create_file_with_runtime_dependencies(/home/go/motor_ws/install/md_controller/share/colcon-core/packages/md_controller)
[0.391s] Level 1:colcon.colcon_core.environment:create_environment_scripts_only(md_controller)
[0.392s] Level 1:colcon.colcon_core.environment:checking '/home/go/motor_ws/install/md_controller' for CMake module files
[0.392s] Level 1:colcon.colcon_core.environment:checking '/home/go/motor_ws/install/md_controller' for CMake config files
[0.392s] Level 1:colcon.colcon_core.shell:create_environment_hook('md_controller', 'cmake_prefix_path')
[0.392s] INFO:colcon.colcon_core.shell:Creating environment hook '/home/go/motor_ws/install/md_controller/share/md_controller/hook/cmake_prefix_path.ps1'
[0.392s] INFO:colcon.colcon_core.shell:Creating environment descriptor '/home/go/motor_ws/install/md_controller/share/md_controller/hook/cmake_prefix_path.dsv'
[0.393s] INFO:colcon.colcon_core.shell:Creating environment hook '/home/go/motor_ws/install/md_controller/share/md_controller/hook/cmake_prefix_path.sh'
[0.393s] Level 1:colcon.colcon_core.environment:checking '/home/go/motor_ws/install/md_controller/lib'
[0.393s] Level 1:colcon.colcon_core.environment:checking '/home/go/motor_ws/install/md_controller/bin'
[0.393s] Level 1:colcon.colcon_core.environment:checking '/home/go/motor_ws/install/md_controller/lib/pkgconfig/md_controller.pc'
[0.393s] Level 1:colcon.colcon_core.environment:checking '/home/go/motor_ws/install/md_controller/lib/python3.10/site-packages'
[0.393s] Level 1:colcon.colcon_core.environment:checking '/home/go/motor_ws/install/md_controller/bin'
[0.394s] INFO:colcon.colcon_core.shell:Creating package script '/home/go/motor_ws/install/md_controller/share/md_controller/package.ps1'
[0.394s] INFO:colcon.colcon_core.shell:Creating package descriptor '/home/go/motor_ws/install/md_controller/share/md_controller/package.dsv'
[0.394s] INFO:colcon.colcon_core.shell:Creating package script '/home/go/motor_ws/install/md_controller/share/md_controller/package.sh'
[0.394s] INFO:colcon.colcon_core.shell:Creating package script '/home/go/motor_ws/install/md_controller/share/md_controller/package.bash'
[0.394s] INFO:colcon.colcon_core.shell:Creating package script '/home/go/motor_ws/install/md_controller/share/md_controller/package.zsh'
[0.395s] Level 1:colcon.colcon_core.environment:create_file_with_runtime_dependencies(/home/go/motor_ws/install/md_controller/share/colcon-core/packages/md_controller)
[0.575s] DEBUG:colcon.colcon_core.event_handler.log_command:Invoking command in '/home/go/motor_ws/src/md_teleop': PYTHONPATH=/home/go/motor_ws/build/md_teleop/prefix_override:/usr/lib/python3/dist-packages/colcon_core/task/python/colcon_distutils_commands:/home/go/motor_ws/install/md_teleop/lib/python3.10/site-packages:${PYTHONPATH} /usr/bin/python3 -W ignore:setup.py install is deprecated -W ignore:easy_install command is deprecated setup.py egg_info --egg-base ../../build/md_teleop build --build-base /home/go/motor_ws/build/md_teleop/build install --record /home/go/motor_ws/build/md_teleop/install.log --single-version-externally-managed install_data
[0.759s] Level 1:colcon.colcon_core.environment:checking '/home/go/motor_ws/install/md_teleop' for CMake module files
[0.759s] DEBUG:colcon.colcon_core.event_handler.log_command:Invoked command in '/home/go/motor_ws/src/md_teleop' returned '0': PYTHONPATH=/home/go/motor_ws/build/md_teleop/prefix_override:/usr/lib/python3/dist-packages/colcon_core/task/python/colcon_distutils_commands:/home/go/motor_ws/install/md_teleop/lib/python3.10/site-packages:${PYTHONPATH} /usr/bin/python3 -W ignore:setup.py install is deprecated -W ignore:easy_install command is deprecated setup.py egg_info --egg-base ../../build/md_teleop build --build-base /home/go/motor_ws/build/md_teleop/build install --record /home/go/motor_ws/build/md_teleop/install.log --single-version-externally-managed install_data
[0.760s] Level 1:colcon.colcon_core.environment:checking '/home/go/motor_ws/install/md_teleop' for CMake config files
[0.760s] Level 1:colcon.colcon_core.environment:checking '/home/go/motor_ws/install/md_teleop/lib'
[0.760s] Level 1:colcon.colcon_core.environment:checking '/home/go/motor_ws/install/md_teleop/bin'
[0.760s] Level 1:colcon.colcon_core.environment:checking '/home/go/motor_ws/install/md_teleop/lib/pkgconfig/md_teleop.pc'
[0.760s] Level 1:colcon.colcon_core.environment:checking '/home/go/motor_ws/install/md_teleop/lib/python3.10/site-packages'
[0.760s] Level 1:colcon.colcon_core.shell:create_environment_hook('md_teleop', 'pythonpath')
[0.760s] INFO:colcon.colcon_core.shell:Creating environment hook '/home/go/motor_ws/install/md_teleop/share/md_teleop/hook/pythonpath.ps1'
[0.761s] INFO:colcon.colcon_core.shell:Creating environment descriptor '/home/go/motor_ws/install/md_teleop/share/md_teleop/hook/pythonpath.dsv'
[0.761s] INFO:colcon.colcon_core.shell:Creating environment hook '/home/go/motor_ws/install/md_teleop/share/md_teleop/hook/pythonpath.sh'
[0.761s] Level 1:colcon.colcon_core.environment:checking '/home/go/motor_ws/install/md_teleop/bin'
[0.761s] Level 1:colcon.colcon_core.environment:create_environment_scripts_only(md_teleop)
[0.761s] INFO:colcon.colcon_core.shell:Creating package script '/home/go/motor_ws/install/md_teleop/share/md_teleop/package.ps1'
[0.762s] INFO:colcon.colcon_core.shell:Creating package descriptor '/home/go/motor_ws/install/md_teleop/share/md_teleop/package.dsv'
[0.762s] INFO:colcon.colcon_core.shell:Creating package script '/home/go/motor_ws/install/md_teleop/share/md_teleop/package.sh'
[0.762s] INFO:colcon.colcon_core.shell:Creating package script '/home/go/motor_ws/install/md_teleop/share/md_teleop/package.bash'
[0.762s] INFO:colcon.colcon_core.shell:Creating package script '/home/go/motor_ws/install/md_teleop/share/md_teleop/package.zsh'
[0.762s] Level 1:colcon.colcon_core.environment:create_file_with_runtime_dependencies(/home/go/motor_ws/install/md_teleop/share/colcon-core/packages/md_teleop)
[0.763s] DEBUG:colcon.colcon_parallel_executor.executor.parallel:closing loop
[0.763s] DEBUG:colcon.colcon_parallel_executor.executor.parallel:loop closed
[0.763s] DEBUG:colcon.colcon_parallel_executor.executor.parallel:run_until_complete finished with '0'
[0.763s] DEBUG:colcon.colcon_core.event_reactor:joining thread
[0.767s] INFO:colcon.colcon_core.plugin_system:Skipping extension 'colcon_notification.desktop_notification.terminal_notifier': Not used on non-Darwin systems
[0.767s] INFO:colcon.colcon_core.plugin_system:Skipping extension 'colcon_notification.desktop_notification.win32': Not used on non-Windows systems
[0.767s] INFO:colcon.colcon_notification.desktop_notification:Sending desktop notification using 'notify2'
[0.772s] DEBUG:colcon.colcon_core.event_reactor:joined thread
[0.772s] INFO:colcon.colcon_core.shell:Creating prefix script '/home/go/motor_ws/install/local_setup.ps1'
[0.773s] INFO:colcon.colcon_core.shell:Creating prefix util module '/home/go/motor_ws/install/_local_setup_util_ps1.py'
[0.773s] INFO:colcon.colcon_core.shell:Creating prefix chain script '/home/go/motor_ws/install/setup.ps1'
[0.774s] INFO:colcon.colcon_core.shell:Creating prefix script '/home/go/motor_ws/install/local_setup.sh'
[0.774s] INFO:colcon.colcon_core.shell:Creating prefix util module '/home/go/motor_ws/install/_local_setup_util_sh.py'
[0.775s] INFO:colcon.colcon_core.shell:Creating prefix chain script '/home/go/motor_ws/install/setup.sh'
[0.775s] INFO:colcon.colcon_core.shell:Creating prefix script '/home/go/motor_ws/install/local_setup.bash'
[0.776s] INFO:colcon.colcon_core.shell:Creating prefix chain script '/home/go/motor_ws/install/setup.bash'
[0.777s] INFO:colcon.colcon_core.shell:Creating prefix script '/home/go/motor_ws/install/local_setup.zsh'
[0.777s] INFO:colcon.colcon_core.shell:Creating prefix chain script '/home/go/motor_ws/install/setup.zsh'
