[0.428s] Invoking command in '/home/go/motor_ws/src/md_teleop': PYTHONPATH=/home/go/motor_ws/build/md_teleop/prefix_override:/usr/lib/python3/dist-packages/colcon_core/task/python/colcon_distutils_commands:/home/go/motor_ws/install/md_teleop/lib/python3.10/site-packages:${PYTHONPATH} /usr/bin/python3 -W ignore:setup.py install is deprecated -W ignore:easy_install command is deprecated setup.py egg_info --egg-base ../../build/md_teleop build --build-base /home/go/motor_ws/build/md_teleop/build install --record /home/go/motor_ws/build/md_teleop/install.log --single-version-externally-managed install_data
[0.565s] running egg_info
[0.565s] writing ../../build/md_teleop/md_teleop.egg-info/PKG-INFO
[0.565s] writing dependency_links to ../../build/md_teleop/md_teleop.egg-info/dependency_links.txt
[0.565s] writing entry points to ../../build/md_teleop/md_teleop.egg-info/entry_points.txt
[0.565s] writing requirements to ../../build/md_teleop/md_teleop.egg-info/requires.txt
[0.565s] writing top-level names to ../../build/md_teleop/md_teleop.egg-info/top_level.txt
[0.566s] reading manifest file '../../build/md_teleop/md_teleop.egg-info/SOURCES.txt'
[0.567s] writing manifest file '../../build/md_teleop/md_teleop.egg-info/SOURCES.txt'
[0.567s] running build
[0.567s] running build_py
[0.567s] copying md_teleop/teleop.py -> /home/go/motor_ws/build/md_teleop/build/lib/md_teleop
[0.567s] running install
[0.568s] running install_lib
[0.568s] copying /home/go/motor_ws/build/md_teleop/build/lib/md_teleop/teleop.py -> /home/go/motor_ws/install/md_teleop/lib/python3.10/site-packages/md_teleop
[0.569s] byte-compiling /home/go/motor_ws/install/md_teleop/lib/python3.10/site-packages/md_teleop/teleop.py to teleop.cpython-310.pyc
[0.569s] running install_data
[0.569s] running install_egg_info
[0.570s] removing '/home/go/motor_ws/install/md_teleop/lib/python3.10/site-packages/md_teleop-0.0.0-py3.10.egg-info' (and everything under it)
[0.570s] Copying ../../build/md_teleop/md_teleop.egg-info to /home/go/motor_ws/install/md_teleop/lib/python3.10/site-packages/md_teleop-0.0.0-py3.10.egg-info
[0.571s] running install_scripts
[0.584s] Installing md_teleop_key_node=md_teleop.md_teleop_key:mainteleop script to /home/go/motor_ws/install/md_teleop/lib/md_teleop
[0.585s] writing list of installed files to '/home/go/motor_ws/build/md_teleop/install.log'
[0.610s] Invoked command in '/home/go/motor_ws/src/md_teleop' returned '0': PYTHONPATH=/home/go/motor_ws/build/md_teleop/prefix_override:/usr/lib/python3/dist-packages/colcon_core/task/python/colcon_distutils_commands:/home/go/motor_ws/install/md_teleop/lib/python3.10/site-packages:${PYTHONPATH} /usr/bin/python3 -W ignore:setup.py install is deprecated -W ignore:easy_install command is deprecated setup.py egg_info --egg-base ../../build/md_teleop build --build-base /home/go/motor_ws/build/md_teleop/build install --record /home/go/motor_ws/build/md_teleop/install.log --single-version-externally-managed install_data
