[0.665s] Invoking command in '/home/go/motor_ws/src/motor_controller': PYTHONPATH=/home/go/motor_ws/build/motor_controller/prefix_override:/usr/lib/python3/dist-packages/colcon_core/task/python/colcon_distutils_commands:/home/go/motor_ws/install/motor_controller/lib/python3.10/site-packages:${PYTHONPATH} /usr/bin/python3 -W ignore:setup.py install is deprecated -W ignore:easy_install command is deprecated setup.py egg_info --egg-base ../../build/motor_controller build --build-base /home/go/motor_ws/build/motor_controller/build install --record /home/go/motor_ws/build/motor_controller/install.log --single-version-externally-managed install_data
[0.804s] running egg_info
[0.805s] writing ../../build/motor_controller/motor_controller.egg-info/PKG-INFO
[0.805s] writing dependency_links to ../../build/motor_controller/motor_controller.egg-info/dependency_links.txt
[0.805s] writing entry points to ../../build/motor_controller/motor_controller.egg-info/entry_points.txt
[0.805s] writing requirements to ../../build/motor_controller/motor_controller.egg-info/requires.txt
[0.805s] writing top-level names to ../../build/motor_controller/motor_controller.egg-info/top_level.txt
[0.806s] reading manifest file '../../build/motor_controller/motor_controller.egg-info/SOURCES.txt'
[0.806s] writing manifest file '../../build/motor_controller/motor_controller.egg-info/SOURCES.txt'
[0.806s] running build
[0.806s] running build_py
[0.807s] running install
[0.807s] running install_lib
[0.808s] running install_data
[0.808s] running install_egg_info
[0.809s] removing '/home/go/motor_ws/install/motor_controller/lib/python3.10/site-packages/motor_controller-0.0.0-py3.10.egg-info' (and everything under it)
[0.809s] Copying ../../build/motor_controller/motor_controller.egg-info to /home/go/motor_ws/install/motor_controller/lib/python3.10/site-packages/motor_controller-0.0.0-py3.10.egg-info
[0.810s] running install_scripts
[0.830s] Installing motor_node script to /home/go/motor_ws/install/motor_controller/lib/motor_controller
[0.831s] writing list of installed files to '/home/go/motor_ws/build/motor_controller/install.log'
[0.880s] Invoked command in '/home/go/motor_ws/src/motor_controller' returned '0': PYTHONPATH=/home/go/motor_ws/build/motor_controller/prefix_override:/usr/lib/python3/dist-packages/colcon_core/task/python/colcon_distutils_commands:/home/go/motor_ws/install/motor_controller/lib/python3.10/site-packages:${PYTHONPATH} /usr/bin/python3 -W ignore:setup.py install is deprecated -W ignore:easy_install command is deprecated setup.py egg_info --egg-base ../../build/motor_controller build --build-base /home/go/motor_ws/build/motor_controller/build install --record /home/go/motor_ws/build/motor_controller/install.log --single-version-externally-managed install_data
