[0.013s] Invoking command in '/home/go/motor_ws/build/md_controller': CMAKE_PREFIX_PATH=${CMAKE_PREFIX_PATH}:/home/go/motor_ws/install/md_teleop:/home/go/ros2_ws/install/md_teleop:/home/go/ros2_ws/src/human_tracker/install/human_tracker:/home/go/ros2_ws/src/sim_test/install/sim_test:/opt/ros/humble /usr/bin/cmake --build /home/go/motor_ws/build/md_controller -- -j16 -l16
[0.086s] [ 33%] [32mBuilding CXX object CMakeFiles/md_controller.dir/src/md_controller.cpp.o[0m
[3.160s] [01m[K/home/go/motor_ws/src/md_controller/src/md_controller.cpp:[m[K In function ‘[01m[Kint main(int, char**)[m[K’:
[3.160s] [01m[K/home/go/motor_ws/src/md_controller/src/md_controller.cpp:99:26:[m[K [01;35m[Kwarning: [m[Kvariable ‘[01m[Kend[m[K’ set but not used [[01;35m[K]8;;https://gcc.gnu.org/onlinedocs/gcc/Warning-Options.html#index-Wunused-but-set-variable-Wunused-but-set-variable]8;;[m[K]
[3.160s]    99 |                     auto [01;35m[Kend[m[K = std::chrono::high_resolution_clock::now();
[3.160s]       |                          [01;35m[K^~~[m[K
[7.125s] [ 66%] [32m[1mLinking CXX executable md_controller[0m
[7.390s] [100%] Built target md_controller
[7.401s] Invoked command in '/home/go/motor_ws/build/md_controller' returned '0': CMAKE_PREFIX_PATH=${CMAKE_PREFIX_PATH}:/home/go/motor_ws/install/md_teleop:/home/go/ros2_ws/install/md_teleop:/home/go/ros2_ws/src/human_tracker/install/human_tracker:/home/go/ros2_ws/src/sim_test/install/sim_test:/opt/ros/humble /usr/bin/cmake --build /home/go/motor_ws/build/md_controller -- -j16 -l16
[7.411s] Invoking command in '/home/go/motor_ws/build/md_controller': CMAKE_PREFIX_PATH=${CMAKE_PREFIX_PATH}:/home/go/motor_ws/install/md_teleop:/home/go/ros2_ws/install/md_teleop:/home/go/ros2_ws/src/human_tracker/install/human_tracker:/home/go/ros2_ws/src/sim_test/install/sim_test:/opt/ros/humble /usr/bin/cmake --install /home/go/motor_ws/build/md_controller
[7.418s] -- Install configuration: ""
[7.418s] -- Execute custom install script
[7.418s] -- Up-to-date symlink: /home/go/motor_ws/install/md_controller/share/md_controller/launch/md_controller.launch.py
[7.418s] -- Up-to-date symlink: /home/go/motor_ws/install/md_controller/share/md_controller/rviz/md.rviz
[7.419s] -- Up-to-date symlink: /home/go/motor_ws/install/md_controller/share/md_controller/include/md_controller/com.hpp
[7.419s] -- Up-to-date symlink: /home/go/motor_ws/install/md_controller/lib/md_controller/md_controller
[7.419s] -- Up-to-date symlink: /home/go/motor_ws/install/md_controller/share/ament_index/resource_index/package_run_dependencies/md_controller
[7.419s] -- Up-to-date symlink: /home/go/motor_ws/install/md_controller/share/ament_index/resource_index/parent_prefix_path/md_controller
[7.419s] -- Up-to-date symlink: /home/go/motor_ws/install/md_controller/share/md_controller/environment/ament_prefix_path.sh
[7.419s] -- Up-to-date symlink: /home/go/motor_ws/install/md_controller/share/md_controller/environment/ament_prefix_path.dsv
[7.419s] -- Up-to-date symlink: /home/go/motor_ws/install/md_controller/share/md_controller/environment/path.sh
[7.420s] -- Up-to-date symlink: /home/go/motor_ws/install/md_controller/share/md_controller/environment/path.dsv
[7.420s] -- Up-to-date symlink: /home/go/motor_ws/install/md_controller/share/md_controller/local_setup.bash
[7.420s] -- Up-to-date symlink: /home/go/motor_ws/install/md_controller/share/md_controller/local_setup.sh
[7.420s] -- Up-to-date symlink: /home/go/motor_ws/install/md_controller/share/md_controller/local_setup.zsh
[7.420s] -- Up-to-date symlink: /home/go/motor_ws/install/md_controller/share/md_controller/local_setup.dsv
[7.420s] -- Symlinking: /home/go/motor_ws/install/md_controller/share/md_controller/package.dsv
[7.429s] -- Up-to-date symlink: /home/go/motor_ws/install/md_controller/share/ament_index/resource_index/packages/md_controller
[7.429s] -- Up-to-date symlink: /home/go/motor_ws/install/md_controller/share/md_controller/cmake/md_controllerConfig.cmake
[7.429s] -- Up-to-date symlink: /home/go/motor_ws/install/md_controller/share/md_controller/cmake/md_controllerConfig-version.cmake
[7.429s] -- Up-to-date symlink: /home/go/motor_ws/install/md_controller/share/md_controller/package.xml
[7.431s] Invoked command in '/home/go/motor_ws/build/md_controller' returned '0': CMAKE_PREFIX_PATH=${CMAKE_PREFIX_PATH}:/home/go/motor_ws/install/md_teleop:/home/go/ros2_ws/install/md_teleop:/home/go/ros2_ws/src/human_tracker/install/human_tracker:/home/go/ros2_ws/src/sim_test/install/sim_test:/opt/ros/humble /usr/bin/cmake --install /home/go/motor_ws/build/md_controller
