[0.347s] Invoking command in '/home/go/motor_ws/build/md_teleop': PYTHONPATH=/home/go/motor_ws/build/md_teleop/prefix_override:/usr/lib/python3/dist-packages/colcon_core/task/python/colcon_distutils_commands:/home/go/motor_ws/install/md_teleop/lib/python3.10/site-packages:${PYTHONPATH} /usr/bin/python3 -W ignore:setup.py install is deprecated -W ignore:easy_install command is deprecated setup.py develop --uninstall --editable --build-directory /home/go/motor_ws/build/md_teleop/build
[0.494s] running develop
[0.584s] Removing /home/go/motor_ws/install/md_teleop/lib/python3.10/site-packages/md-teleop.egg-link (link to .)
[0.603s] Invoked command in '/home/go/motor_ws/build/md_teleop' returned '0': PYTHONPATH=/home/go/motor_ws/build/md_teleop/prefix_override:/usr/lib/python3/dist-packages/colcon_core/task/python/colcon_distutils_commands:/home/go/motor_ws/install/md_teleop/lib/python3.10/site-packages:${PYTHONPATH} /usr/bin/python3 -W ignore:setup.py install is deprecated -W ignore:easy_install command is deprecated setup.py develop --uninstall --editable --build-directory /home/go/motor_ws/build/md_teleop/build
[0.604s] Invoking command in '/home/go/motor_ws/src/md_teleop': PYTHONPATH=/home/go/motor_ws/build/md_teleop/prefix_override:/usr/lib/python3/dist-packages/colcon_core/task/python/colcon_distutils_commands:/home/go/motor_ws/install/md_teleop/lib/python3.10/site-packages:${PYTHONPATH} /usr/bin/python3 -W ignore:setup.py install is deprecated -W ignore:easy_install command is deprecated setup.py egg_info --egg-base ../../build/md_teleop build --build-base /home/go/motor_ws/build/md_teleop/build install --record /home/go/motor_ws/build/md_teleop/install.log --single-version-externally-managed install_data --force
[0.743s] running egg_info
[0.743s] writing ../../build/md_teleop/md_teleop.egg-info/PKG-INFO
[0.743s] writing dependency_links to ../../build/md_teleop/md_teleop.egg-info/dependency_links.txt
[0.743s] writing entry points to ../../build/md_teleop/md_teleop.egg-info/entry_points.txt
[0.744s] writing requirements to ../../build/md_teleop/md_teleop.egg-info/requires.txt
[0.744s] writing top-level names to ../../build/md_teleop/md_teleop.egg-info/top_level.txt
[0.744s] reading manifest file '../../build/md_teleop/md_teleop.egg-info/SOURCES.txt'
[0.745s] writing manifest file '../../build/md_teleop/md_teleop.egg-info/SOURCES.txt'
[0.745s] running build
[0.745s] running build_py
[0.745s] creating /home/go/motor_ws/build/md_teleop/build
[0.745s] creating /home/go/motor_ws/build/md_teleop/build/lib
[0.745s] creating /home/go/motor_ws/build/md_teleop/build/lib/md_teleop
[0.745s] copying md_teleop/__init__.py -> /home/go/motor_ws/build/md_teleop/build/lib/md_teleop
[0.745s] copying md_teleop/md_teleop_key.py -> /home/go/motor_ws/build/md_teleop/build/lib/md_teleop
[0.745s] running install
[0.745s] running install_lib
[0.746s] creating /home/go/motor_ws/install/md_teleop/lib/python3.10/site-packages/md_teleop
[0.746s] copying /home/go/motor_ws/build/md_teleop/build/lib/md_teleop/__init__.py -> /home/go/motor_ws/install/md_teleop/lib/python3.10/site-packages/md_teleop
[0.746s] copying /home/go/motor_ws/build/md_teleop/build/lib/md_teleop/md_teleop_key.py -> /home/go/motor_ws/install/md_teleop/lib/python3.10/site-packages/md_teleop
[0.746s] byte-compiling /home/go/motor_ws/install/md_teleop/lib/python3.10/site-packages/md_teleop/__init__.py to __init__.cpython-310.pyc
[0.746s] byte-compiling /home/go/motor_ws/install/md_teleop/lib/python3.10/site-packages/md_teleop/md_teleop_key.py to md_teleop_key.cpython-310.pyc
[0.747s] running install_data
[0.747s] copying resource/md_teleop -> /home/go/motor_ws/install/md_teleop/share/ament_index/resource_index/packages
[0.747s] copying package.xml -> /home/go/motor_ws/install/md_teleop/share/md_teleop
[0.747s] running install_egg_info
[0.748s] Copying ../../build/md_teleop/md_teleop.egg-info to /home/go/motor_ws/install/md_teleop/lib/python3.10/site-packages/md_teleop-0.0.0-py3.10.egg-info
[0.748s] running install_scripts
[0.762s] Installing md_teleop_key_node script to /home/go/motor_ws/install/md_teleop/lib/md_teleop
[0.762s] writing list of installed files to '/home/go/motor_ws/build/md_teleop/install.log'
[0.783s] Invoked command in '/home/go/motor_ws/src/md_teleop' returned '0': PYTHONPATH=/home/go/motor_ws/build/md_teleop/prefix_override:/usr/lib/python3/dist-packages/colcon_core/task/python/colcon_distutils_commands:/home/go/motor_ws/install/md_teleop/lib/python3.10/site-packages:${PYTHONPATH} /usr/bin/python3 -W ignore:setup.py install is deprecated -W ignore:easy_install command is deprecated setup.py egg_info --egg-base ../../build/md_teleop build --build-base /home/go/motor_ws/build/md_teleop/build install --record /home/go/motor_ws/build/md_teleop/install.log --single-version-externally-managed install_data --force
