[0.684s] Invoking command in '/home/go/motor_ws/src/motor_controller': PYTHONPATH=/home/go/motor_ws/build/motor_controller/prefix_override:/usr/lib/python3/dist-packages/colcon_core/task/python/colcon_distutils_commands:/home/go/motor_ws/install/motor_controller/lib/python3.10/site-packages:${PYTHONPATH} /usr/bin/python3 -W ignore:setup.py install is deprecated -W ignore:easy_install command is deprecated setup.py egg_info --egg-base ../../build/motor_controller build --build-base /home/go/motor_ws/build/motor_controller/build install --record /home/go/motor_ws/build/motor_controller/install.log --single-version-externally-managed install_data
[0.828s] running egg_info
[0.829s] creating ../../build/motor_controller/motor_controller.egg-info
[0.829s] writing ../../build/motor_controller/motor_controller.egg-info/PKG-INFO
[0.829s] writing dependency_links to ../../build/motor_controller/motor_controller.egg-info/dependency_links.txt
[0.830s] writing entry points to ../../build/motor_controller/motor_controller.egg-info/entry_points.txt
[0.830s] writing requirements to ../../build/motor_controller/motor_controller.egg-info/requires.txt
[0.830s] writing top-level names to ../../build/motor_controller/motor_controller.egg-info/top_level.txt
[0.831s] writing manifest file '../../build/motor_controller/motor_controller.egg-info/SOURCES.txt'
[0.833s] reading manifest file '../../build/motor_controller/motor_controller.egg-info/SOURCES.txt'
[0.833s] writing manifest file '../../build/motor_controller/motor_controller.egg-info/SOURCES.txt'
[0.834s] running build
[0.834s] running build_py
[0.834s] creating /home/go/motor_ws/build/motor_controller/build
[0.834s] creating /home/go/motor_ws/build/motor_controller/build/lib
[0.834s] creating /home/go/motor_ws/build/motor_controller/build/lib/motor_controller
[0.834s] copying motor_controller/__init__.py -> /home/go/motor_ws/build/motor_controller/build/lib/motor_controller
[0.834s] copying motor_controller/motor_node.py -> /home/go/motor_ws/build/motor_controller/build/lib/motor_controller
[0.834s] running install
[0.834s] running install_lib
[0.835s] creating /home/go/motor_ws/install/motor_controller/lib/python3.10/site-packages/motor_controller
[0.835s] copying /home/go/motor_ws/build/motor_controller/build/lib/motor_controller/__init__.py -> /home/go/motor_ws/install/motor_controller/lib/python3.10/site-packages/motor_controller
[0.835s] copying /home/go/motor_ws/build/motor_controller/build/lib/motor_controller/motor_node.py -> /home/go/motor_ws/install/motor_controller/lib/python3.10/site-packages/motor_controller
[0.835s] byte-compiling /home/go/motor_ws/install/motor_controller/lib/python3.10/site-packages/motor_controller/__init__.py to __init__.cpython-310.pyc
[0.835s] byte-compiling /home/go/motor_ws/install/motor_controller/lib/python3.10/site-packages/motor_controller/motor_node.py to motor_node.cpython-310.pyc
[0.836s] running install_data
[0.836s] creating /home/go/motor_ws/install/motor_controller/share/ament_index
[0.836s] creating /home/go/motor_ws/install/motor_controller/share/ament_index/resource_index
[0.836s] creating /home/go/motor_ws/install/motor_controller/share/ament_index/resource_index/packages
[0.836s] copying resource/motor_controller -> /home/go/motor_ws/install/motor_controller/share/ament_index/resource_index/packages
[0.836s] copying package.xml -> /home/go/motor_ws/install/motor_controller/share/motor_controller
[0.836s] running install_egg_info
[0.838s] Copying ../../build/motor_controller/motor_controller.egg-info to /home/go/motor_ws/install/motor_controller/lib/python3.10/site-packages/motor_controller-0.0.0-py3.10.egg-info
[0.838s] running install_scripts
[0.854s] Installing motor_node script to /home/go/motor_ws/install/motor_controller/lib/motor_controller
[0.854s] writing list of installed files to '/home/go/motor_ws/build/motor_controller/install.log'
[0.904s] Invoked command in '/home/go/motor_ws/src/motor_controller' returned '0': PYTHONPATH=/home/go/motor_ws/build/motor_controller/prefix_override:/usr/lib/python3/dist-packages/colcon_core/task/python/colcon_distutils_commands:/home/go/motor_ws/install/motor_controller/lib/python3.10/site-packages:${PYTHONPATH} /usr/bin/python3 -W ignore:setup.py install is deprecated -W ignore:easy_install command is deprecated setup.py egg_info --egg-base ../../build/motor_controller build --build-base /home/go/motor_ws/build/motor_controller/build install --record /home/go/motor_ws/build/motor_controller/install.log --single-version-externally-managed install_data
