[0.019s] Invoking command in '/home/go/motor_ws/build/md_controller': CMAKE_PREFIX_PATH=${CMAKE_PREFIX_PATH}:/home/go/motor_ws/install/motor_controller:/home/go/motor_ws/install/md_teleop:/home/go/ros2_ws/install/sim_test:/home/go/ros2_ws/install/human_tracker:/home/go/ros2_ws/install/golf_simulation:/home/go/ros2_ws/install/depth_map:/home/go/ros2_ws/install/camera_calibration:/home/go/ros2_ws/install/caddie_urdf:/home/go/ros2_ws/src/sim_test/install/sim_test:/opt/ros/humble /usr/bin/cmake --build /home/go/motor_ws/build/md_controller -- -j16 -l16
[0.195s] [ 33%] [32mBuilding CXX object CMakeFiles/md_controller.dir/src/md_controller.cpp.o[0m
[1.892s] [01m[K/home/go/motor_ws/src/md_controller/src/md_controller.cpp:[m[K In function ‘[01m[Kint main(int, char**)[m[K’:
[1.892s] [01m[K/home/go/motor_ws/src/md_controller/src/md_controller.cpp:74:11:[m[K [01;35m[Kwarning: [m[Kunused variable ‘[01m[KiData[m[K’ [[01;35m[K]8;;https://gcc.gnu.org/onlinedocs/gcc/Warning-Options.html#index-Wunused-variable-Wunused-variable]8;;[m[K]
[1.892s]    74 |     IByte [01;35m[KiData[m[K;
[1.892s]       |           [01;35m[K^~~~~[m[K
[6.020s] [32m[1mLinking CXX executable md_controller[0m
[6.373s] Built target md_controller
[6.388s] Invoked command in '/home/go/motor_ws/build/md_controller' returned '0': CMAKE_PREFIX_PATH=${CMAKE_PREFIX_PATH}:/home/go/motor_ws/install/motor_controller:/home/go/motor_ws/install/md_teleop:/home/go/ros2_ws/install/sim_test:/home/go/ros2_ws/install/human_tracker:/home/go/ros2_ws/install/golf_simulation:/home/go/ros2_ws/install/depth_map:/home/go/ros2_ws/install/camera_calibration:/home/go/ros2_ws/install/caddie_urdf:/home/go/ros2_ws/src/sim_test/install/sim_test:/opt/ros/humble /usr/bin/cmake --build /home/go/motor_ws/build/md_controller -- -j16 -l16
[6.397s] Invoking command in '/home/go/motor_ws/build/md_controller': CMAKE_PREFIX_PATH=${CMAKE_PREFIX_PATH}:/home/go/motor_ws/install/motor_controller:/home/go/motor_ws/install/md_teleop:/home/go/ros2_ws/install/sim_test:/home/go/ros2_ws/install/human_tracker:/home/go/ros2_ws/install/golf_simulation:/home/go/ros2_ws/install/depth_map:/home/go/ros2_ws/install/camera_calibration:/home/go/ros2_ws/install/caddie_urdf:/home/go/ros2_ws/src/sim_test/install/sim_test:/opt/ros/humble /usr/bin/cmake --install /home/go/motor_ws/build/md_controller
[6.403s] -- Install configuration: ""
[6.403s] -- Execute custom install script
[6.404s] -- Up-to-date symlink: /home/go/motor_ws/install/md_controller/share/md_controller/launch/md_controller.launch.py
[6.404s] -- Up-to-date symlink: /home/go/motor_ws/install/md_controller/share/md_controller/rviz/md.rviz
[6.404s] -- Up-to-date symlink: /home/go/motor_ws/install/md_controller/share/md_controller/include/md_controller/com.hpp
[6.404s] -- Up-to-date symlink: /home/go/motor_ws/install/md_controller/lib/md_controller/md_controller
[6.404s] -- Up-to-date symlink: /home/go/motor_ws/install/md_controller/share/ament_index/resource_index/package_run_dependencies/md_controller
[6.404s] -- Up-to-date symlink: /home/go/motor_ws/install/md_controller/share/ament_index/resource_index/parent_prefix_path/md_controller
[6.404s] -- Up-to-date symlink: /home/go/motor_ws/install/md_controller/share/md_controller/environment/ament_prefix_path.sh
[6.404s] -- Up-to-date symlink: /home/go/motor_ws/install/md_controller/share/md_controller/environment/ament_prefix_path.dsv
[6.404s] -- Up-to-date symlink: /home/go/motor_ws/install/md_controller/share/md_controller/environment/path.sh
[6.405s] -- Up-to-date symlink: /home/go/motor_ws/install/md_controller/share/md_controller/environment/path.dsv
[6.405s] -- Up-to-date symlink: /home/go/motor_ws/install/md_controller/share/md_controller/local_setup.bash
[6.405s] -- Up-to-date symlink: /home/go/motor_ws/install/md_controller/share/md_controller/local_setup.sh
[6.405s] -- Up-to-date symlink: /home/go/motor_ws/install/md_controller/share/md_controller/local_setup.zsh
[6.405s] -- Up-to-date symlink: /home/go/motor_ws/install/md_controller/share/md_controller/local_setup.dsv
[6.405s] -- Symlinking: /home/go/motor_ws/install/md_controller/share/md_controller/package.dsv
[6.415s] -- Up-to-date symlink: /home/go/motor_ws/install/md_controller/share/ament_index/resource_index/packages/md_controller
[6.415s] -- Up-to-date symlink: /home/go/motor_ws/install/md_controller/share/md_controller/cmake/md_controllerConfig.cmake
[6.415s] -- Up-to-date symlink: /home/go/motor_ws/install/md_controller/share/md_controller/cmake/md_controllerConfig-version.cmake
[6.415s] -- Up-to-date symlink: /home/go/motor_ws/install/md_controller/share/md_controller/package.xml
[6.417s] Invoked command in '/home/go/motor_ws/build/md_controller' returned '0': CMAKE_PREFIX_PATH=${CMAKE_PREFIX_PATH}:/home/go/motor_ws/install/motor_controller:/home/go/motor_ws/install/md_teleop:/home/go/ros2_ws/install/sim_test:/home/go/ros2_ws/install/human_tracker:/home/go/ros2_ws/install/golf_simulation:/home/go/ros2_ws/install/depth_map:/home/go/ros2_ws/install/camera_calibration:/home/go/ros2_ws/install/caddie_urdf:/home/go/ros2_ws/src/sim_test/install/sim_test:/opt/ros/humble /usr/bin/cmake --install /home/go/motor_ws/build/md_controller
