[0.061s] DEBUG:colcon:Command line arguments: ['/usr/bin/colcon', 'build']
[0.062s] DEBUG:colcon:Parsed command line arguments: Namespace(log_base=None, log_level=None, verb_name='build', build_base='build', install_base='install', merge_install=False, symlink_install=False, test_result_base=None, continue_on_error=False, executor='parallel', parallel_workers=16, event_handlers=None, ignore_user_meta=False, metas=['./colcon.meta'], base_paths=['.'], packages_ignore=None, packages_ignore_regex=None, paths=None, packages_up_to=None, packages_up_to_regex=None, packages_above=None, packages_above_and_dependencies=None, packages_above_depth=None, packages_select_by_dep=None, packages_skip_by_dep=None, packages_skip_up_to=None, packages_select_build_failed=False, packages_skip_build_finished=False, packages_select_test_failures=False, packages_skip_test_passed=False, packages_select=None, packages_skip=None, packages_select_regex=None, packages_skip_regex=None, packages_start=None, packages_end=None, allow_overriding=[], cmake_args=None, cmake_target=None, cmake_target_skip_unavailable=False, cmake_clean_cache=False, cmake_clean_first=False, cmake_force_configure=False, ament_cmake_args=None, catkin_cmake_args=None, catkin_skip_building_tests=False, mixin_files=None, mixin=None, verb_parser=<colcon_mixin.mixin.mixin_argument.MixinArgumentDecorator object at 0x7be5c3b57790>, verb_extension=<colcon_core.verb.build.BuildVerb object at 0x7be5c3b572e0>, main=<bound method BuildVerb.main of <colcon_core.verb.build.BuildVerb object at 0x7be5c3b572e0>>, mixin_verb=('build',))
[0.152s] Level 1:colcon.colcon_core.package_discovery:discover_packages(colcon_meta) check parameters
[0.152s] Level 1:colcon.colcon_core.package_discovery:discover_packages(recursive) check parameters
[0.152s] Level 1:colcon.colcon_core.package_discovery:discover_packages(ignore) check parameters
[0.152s] Level 1:colcon.colcon_core.package_discovery:discover_packages(path) check parameters
[0.152s] Level 1:colcon.colcon_core.package_discovery:discover_packages(colcon_meta) discover
[0.152s] Level 1:colcon.colcon_core.package_discovery:discover_packages(recursive) discover
[0.152s] INFO:colcon.colcon_core.package_discovery:Crawling recursively for packages in '/home/go/motor_ws'
[0.152s] Level 1:colcon.colcon_core.package_identification:_identify(.) by extensions ['ignore', 'ignore_ament_install']
[0.152s] Level 1:colcon.colcon_core.package_identification:_identify(.) by extension 'ignore'
[0.152s] Level 1:colcon.colcon_core.package_identification:_identify(.) by extension 'ignore_ament_install'
[0.152s] Level 1:colcon.colcon_core.package_identification:_identify(.) by extensions ['colcon_pkg']
[0.152s] Level 1:colcon.colcon_core.package_identification:_identify(.) by extension 'colcon_pkg'
[0.152s] Level 1:colcon.colcon_core.package_identification:_identify(.) by extensions ['colcon_meta']
[0.152s] Level 1:colcon.colcon_core.package_identification:_identify(.) by extension 'colcon_meta'
[0.152s] Level 1:colcon.colcon_core.package_identification:_identify(.) by extensions ['ros']
[0.152s] Level 1:colcon.colcon_core.package_identification:_identify(.) by extension 'ros'
[0.159s] Level 1:colcon.colcon_core.package_identification:_identify(.) by extensions ['cmake', 'python']
[0.159s] Level 1:colcon.colcon_core.package_identification:_identify(.) by extension 'cmake'
[0.159s] Level 1:colcon.colcon_core.package_identification:_identify(.) by extension 'python'
[0.159s] Level 1:colcon.colcon_core.package_identification:_identify(.) by extensions ['python_setup_py']
[0.160s] Level 1:colcon.colcon_core.package_identification:_identify(.) by extension 'python_setup_py'
[0.160s] Level 1:colcon.colcon_core.package_identification:_identify(build) by extensions ['ignore', 'ignore_ament_install']
[0.160s] Level 1:colcon.colcon_core.package_identification:_identify(build) by extension 'ignore'
[0.160s] Level 1:colcon.colcon_core.package_identification:_identify(build) ignored
[0.160s] Level 1:colcon.colcon_core.package_identification:_identify(install) by extensions ['ignore', 'ignore_ament_install']
[0.160s] Level 1:colcon.colcon_core.package_identification:_identify(install) by extension 'ignore'
[0.160s] Level 1:colcon.colcon_core.package_identification:_identify(install) ignored
[0.160s] Level 1:colcon.colcon_core.package_identification:_identify(log) by extensions ['ignore', 'ignore_ament_install']
[0.160s] Level 1:colcon.colcon_core.package_identification:_identify(log) by extension 'ignore'
[0.160s] Level 1:colcon.colcon_core.package_identification:_identify(log) ignored
[0.160s] Level 1:colcon.colcon_core.package_identification:_identify(src) by extensions ['ignore', 'ignore_ament_install']
[0.160s] Level 1:colcon.colcon_core.package_identification:_identify(src) by extension 'ignore'
[0.160s] Level 1:colcon.colcon_core.package_identification:_identify(src) by extension 'ignore_ament_install'
[0.160s] Level 1:colcon.colcon_core.package_identification:_identify(src) by extensions ['colcon_pkg']
[0.160s] Level 1:colcon.colcon_core.package_identification:_identify(src) by extension 'colcon_pkg'
[0.160s] Level 1:colcon.colcon_core.package_identification:_identify(src) by extensions ['colcon_meta']
[0.160s] Level 1:colcon.colcon_core.package_identification:_identify(src) by extension 'colcon_meta'
[0.160s] Level 1:colcon.colcon_core.package_identification:_identify(src) by extensions ['ros']
[0.160s] Level 1:colcon.colcon_core.package_identification:_identify(src) by extension 'ros'
[0.160s] Level 1:colcon.colcon_core.package_identification:_identify(src) by extensions ['cmake', 'python']
[0.160s] Level 1:colcon.colcon_core.package_identification:_identify(src) by extension 'cmake'
[0.160s] Level 1:colcon.colcon_core.package_identification:_identify(src) by extension 'python'
[0.160s] Level 1:colcon.colcon_core.package_identification:_identify(src) by extensions ['python_setup_py']
[0.160s] Level 1:colcon.colcon_core.package_identification:_identify(src) by extension 'python_setup_py'
[0.160s] Level 1:colcon.colcon_core.package_identification:_identify(src/md_controller) by extensions ['ignore', 'ignore_ament_install']
[0.160s] Level 1:colcon.colcon_core.package_identification:_identify(src/md_controller) by extension 'ignore'
[0.160s] Level 1:colcon.colcon_core.package_identification:_identify(src/md_controller) by extension 'ignore_ament_install'
[0.160s] Level 1:colcon.colcon_core.package_identification:_identify(src/md_controller) by extensions ['colcon_pkg']
[0.160s] Level 1:colcon.colcon_core.package_identification:_identify(src/md_controller) by extension 'colcon_pkg'
[0.160s] Level 1:colcon.colcon_core.package_identification:_identify(src/md_controller) by extensions ['colcon_meta']
[0.160s] Level 1:colcon.colcon_core.package_identification:_identify(src/md_controller) by extension 'colcon_meta'
[0.160s] Level 1:colcon.colcon_core.package_identification:_identify(src/md_controller) by extensions ['ros']
[0.160s] Level 1:colcon.colcon_core.package_identification:_identify(src/md_controller) by extension 'ros'
[0.162s] DEBUG:colcon.colcon_core.package_identification:Package 'src/md_controller' with type 'ros.ament_cmake' and name 'md_controller'
[0.162s] Level 1:colcon.colcon_core.package_identification:_identify(src/md_teleop) by extensions ['ignore', 'ignore_ament_install']
[0.162s] Level 1:colcon.colcon_core.package_identification:_identify(src/md_teleop) by extension 'ignore'
[0.162s] Level 1:colcon.colcon_core.package_identification:_identify(src/md_teleop) by extension 'ignore_ament_install'
[0.162s] Level 1:colcon.colcon_core.package_identification:_identify(src/md_teleop) by extensions ['colcon_pkg']
[0.162s] Level 1:colcon.colcon_core.package_identification:_identify(src/md_teleop) by extension 'colcon_pkg'
[0.162s] Level 1:colcon.colcon_core.package_identification:_identify(src/md_teleop) by extensions ['colcon_meta']
[0.162s] Level 1:colcon.colcon_core.package_identification:_identify(src/md_teleop) by extension 'colcon_meta'
[0.162s] Level 1:colcon.colcon_core.package_identification:_identify(src/md_teleop) by extensions ['ros']
[0.162s] Level 1:colcon.colcon_core.package_identification:_identify(src/md_teleop) by extension 'ros'
[0.162s] DEBUG:colcon.colcon_core.package_identification:Package 'src/md_teleop' with type 'ros.ament_python' and name 'md_teleop'
[0.162s] Level 1:colcon.colcon_core.package_discovery:discover_packages(recursive) using defaults
[0.162s] Level 1:colcon.colcon_core.package_discovery:discover_packages(ignore) discover
[0.162s] Level 1:colcon.colcon_core.package_discovery:discover_packages(ignore) using defaults
[0.162s] Level 1:colcon.colcon_core.package_discovery:discover_packages(path) discover
[0.163s] Level 1:colcon.colcon_core.package_discovery:discover_packages(path) using defaults
[0.189s] Level 1:colcon.colcon_core.package_discovery:discover_packages(prefix_path) check parameters
[0.189s] Level 1:colcon.colcon_core.package_discovery:discover_packages(prefix_path) discover
[0.190s] DEBUG:colcon.colcon_installed_package_information.package_discovery:Found 2 installed packages in /home/go/motor_ws/install
[0.190s] DEBUG:colcon.colcon_installed_package_information.package_discovery:Found 2 installed packages in /home/go/ros2_ws/install
[0.190s] DEBUG:colcon.colcon_installed_package_information.package_discovery:Found 1 installed packages in /home/go/ros2_ws/src/human_tracker/install
[0.191s] DEBUG:colcon.colcon_installed_package_information.package_discovery:Found 1 installed packages in /home/go/ros2_ws/src/sim_test/install
[0.191s] DEBUG:colcon.colcon_installed_package_information.package_discovery:Found 0 installed packages in /home/go/install
[0.192s] DEBUG:colcon.colcon_installed_package_information.package_discovery:Found 340 installed packages in /opt/ros/humble
[0.193s] Level 1:colcon.colcon_core.package_discovery:discover_packages(prefix_path) using defaults
[0.216s] Level 5:colcon.colcon_core.verb:set package 'md_controller' build argument 'cmake_args' from command line to 'None'
[0.216s] Level 5:colcon.colcon_core.verb:set package 'md_controller' build argument 'cmake_target' from command line to 'None'
[0.216s] Level 5:colcon.colcon_core.verb:set package 'md_controller' build argument 'cmake_target_skip_unavailable' from command line to 'False'
[0.216s] Level 5:colcon.colcon_core.verb:set package 'md_controller' build argument 'cmake_clean_cache' from command line to 'False'
[0.216s] Level 5:colcon.colcon_core.verb:set package 'md_controller' build argument 'cmake_clean_first' from command line to 'False'
[0.216s] Level 5:colcon.colcon_core.verb:set package 'md_controller' build argument 'cmake_force_configure' from command line to 'False'
[0.216s] Level 5:colcon.colcon_core.verb:set package 'md_controller' build argument 'ament_cmake_args' from command line to 'None'
[0.216s] Level 5:colcon.colcon_core.verb:set package 'md_controller' build argument 'catkin_cmake_args' from command line to 'None'
[0.216s] Level 5:colcon.colcon_core.verb:set package 'md_controller' build argument 'catkin_skip_building_tests' from command line to 'False'
[0.216s] DEBUG:colcon.colcon_core.verb:Building package 'md_controller' with the following arguments: {'ament_cmake_args': None, 'build_base': '/home/go/motor_ws/build/md_controller', 'catkin_cmake_args': None, 'catkin_skip_building_tests': False, 'cmake_args': None, 'cmake_clean_cache': False, 'cmake_clean_first': False, 'cmake_force_configure': False, 'cmake_target': None, 'cmake_target_skip_unavailable': False, 'install_base': '/home/go/motor_ws/install/md_controller', 'merge_install': False, 'path': '/home/go/motor_ws/src/md_controller', 'symlink_install': False, 'test_result_base': None}
[0.216s] Level 5:colcon.colcon_core.verb:set package 'md_teleop' build argument 'cmake_args' from command line to 'None'
[0.216s] Level 5:colcon.colcon_core.verb:set package 'md_teleop' build argument 'cmake_target' from command line to 'None'
[0.216s] Level 5:colcon.colcon_core.verb:set package 'md_teleop' build argument 'cmake_target_skip_unavailable' from command line to 'False'
[0.216s] Level 5:colcon.colcon_core.verb:set package 'md_teleop' build argument 'cmake_clean_cache' from command line to 'False'
[0.216s] Level 5:colcon.colcon_core.verb:set package 'md_teleop' build argument 'cmake_clean_first' from command line to 'False'
[0.216s] Level 5:colcon.colcon_core.verb:set package 'md_teleop' build argument 'cmake_force_configure' from command line to 'False'
[0.216s] Level 5:colcon.colcon_core.verb:set package 'md_teleop' build argument 'ament_cmake_args' from command line to 'None'
[0.216s] Level 5:colcon.colcon_core.verb:set package 'md_teleop' build argument 'catkin_cmake_args' from command line to 'None'
[0.216s] Level 5:colcon.colcon_core.verb:set package 'md_teleop' build argument 'catkin_skip_building_tests' from command line to 'False'
[0.216s] DEBUG:colcon.colcon_core.verb:Building package 'md_teleop' with the following arguments: {'ament_cmake_args': None, 'build_base': '/home/go/motor_ws/build/md_teleop', 'catkin_cmake_args': None, 'catkin_skip_building_tests': False, 'cmake_args': None, 'cmake_clean_cache': False, 'cmake_clean_first': False, 'cmake_force_configure': False, 'cmake_target': None, 'cmake_target_skip_unavailable': False, 'install_base': '/home/go/motor_ws/install/md_teleop', 'merge_install': False, 'path': '/home/go/motor_ws/src/md_teleop', 'symlink_install': False, 'test_result_base': None}
[0.216s] INFO:colcon.colcon_core.executor:Executing jobs using 'parallel' executor
[0.217s] DEBUG:colcon.colcon_parallel_executor.executor.parallel:run_until_complete
[0.218s] INFO:colcon.colcon_ros.task.ament_cmake.build:Building ROS package in '/home/go/motor_ws/src/md_controller' with build type 'ament_cmake'
[0.218s] INFO:colcon.colcon_cmake.task.cmake.build:Building CMake package in '/home/go/motor_ws/src/md_controller'
[0.219s] INFO:colcon.colcon_core.plugin_system:Skipping extension 'colcon_core.shell.bat': Not used on non-Windows systems
[0.219s] INFO:colcon.colcon_core.shell:Skip shell extension 'powershell' for command environment: Not usable outside of PowerShell
[0.219s] DEBUG:colcon.colcon_core.shell:Skip shell extension 'dsv' for command environment
[0.223s] INFO:colcon.colcon_ros.task.ament_python.build:Building ROS package in '/home/go/motor_ws/src/md_teleop' with build type 'ament_python'
[0.224s] Level 1:colcon.colcon_core.shell:create_environment_hook('md_teleop', 'ament_prefix_path')
[0.224s] INFO:colcon.colcon_core.shell:Creating environment hook '/home/go/motor_ws/install/md_teleop/share/md_teleop/hook/ament_prefix_path.ps1'
[0.224s] INFO:colcon.colcon_core.shell:Creating environment descriptor '/home/go/motor_ws/install/md_teleop/share/md_teleop/hook/ament_prefix_path.dsv'
[0.224s] INFO:colcon.colcon_core.shell:Creating environment hook '/home/go/motor_ws/install/md_teleop/share/md_teleop/hook/ament_prefix_path.sh'
[0.225s] INFO:colcon.colcon_core.shell:Skip shell extension 'powershell' for command environment: Not usable outside of PowerShell
[0.225s] DEBUG:colcon.colcon_core.shell:Skip shell extension 'dsv' for command environment
[0.231s] DEBUG:colcon.colcon_core.event_handler.log_command:Invoking command in '/home/go/motor_ws/build/md_controller': CMAKE_PREFIX_PATH=${CMAKE_PREFIX_PATH}:/home/go/motor_ws/install/md_teleop:/home/go/ros2_ws/install/md_teleop:/home/go/ros2_ws/src/human_tracker/install/human_tracker:/home/go/ros2_ws/src/sim_test/install/sim_test:/opt/ros/humble /usr/bin/cmake --build /home/go/motor_ws/build/md_controller -- -j16 -l16
[0.498s] INFO:colcon.colcon_core.task.python.build:Building Python package in '/home/go/motor_ws/src/md_teleop'
[0.500s] INFO:colcon.colcon_core.shell:Skip shell extension 'powershell' for command environment: Not usable outside of PowerShell
[0.500s] DEBUG:colcon.colcon_core.shell:Skip shell extension 'dsv' for command environment
[0.909s] DEBUG:colcon.colcon_core.event_handler.log_command:Invoking command in '/home/go/motor_ws/src/md_teleop': PYTHONPATH=/home/go/motor_ws/build/md_teleop/prefix_override:/usr/lib/python3/dist-packages/colcon_core/task/python/colcon_distutils_commands:/home/go/motor_ws/install/md_teleop/lib/python3.10/site-packages:${PYTHONPATH} /usr/bin/python3 -W ignore:setup.py install is deprecated -W ignore:easy_install command is deprecated setup.py egg_info --egg-base ../../build/md_teleop build --build-base /home/go/motor_ws/build/md_teleop/build install --record /home/go/motor_ws/build/md_teleop/install.log --single-version-externally-managed install_data
[1.264s] DEBUG:colcon.colcon_core.event_handler.log_command:Invoked command in '/home/go/motor_ws/src/md_teleop' returned '0': PYTHONPATH=/home/go/motor_ws/build/md_teleop/prefix_override:/usr/lib/python3/dist-packages/colcon_core/task/python/colcon_distutils_commands:/home/go/motor_ws/install/md_teleop/lib/python3.10/site-packages:${PYTHONPATH} /usr/bin/python3 -W ignore:setup.py install is deprecated -W ignore:easy_install command is deprecated setup.py egg_info --egg-base ../../build/md_teleop build --build-base /home/go/motor_ws/build/md_teleop/build install --record /home/go/motor_ws/build/md_teleop/install.log --single-version-externally-managed install_data
[1.266s] Level 1:colcon.colcon_core.environment:checking '/home/go/motor_ws/install/md_teleop' for CMake module files
[1.267s] Level 1:colcon.colcon_core.environment:checking '/home/go/motor_ws/install/md_teleop' for CMake config files
[1.269s] Level 1:colcon.colcon_core.environment:checking '/home/go/motor_ws/install/md_teleop/lib'
[1.269s] Level 1:colcon.colcon_core.environment:checking '/home/go/motor_ws/install/md_teleop/bin'
[1.269s] Level 1:colcon.colcon_core.environment:checking '/home/go/motor_ws/install/md_teleop/lib/pkgconfig/md_teleop.pc'
[1.269s] Level 1:colcon.colcon_core.environment:checking '/home/go/motor_ws/install/md_teleop/lib/python3.10/site-packages'
[1.269s] Level 1:colcon.colcon_core.shell:create_environment_hook('md_teleop', 'pythonpath')
[1.270s] INFO:colcon.colcon_core.shell:Creating environment hook '/home/go/motor_ws/install/md_teleop/share/md_teleop/hook/pythonpath.ps1'
[1.270s] INFO:colcon.colcon_core.shell:Creating environment descriptor '/home/go/motor_ws/install/md_teleop/share/md_teleop/hook/pythonpath.dsv'
[1.270s] INFO:colcon.colcon_core.shell:Creating environment hook '/home/go/motor_ws/install/md_teleop/share/md_teleop/hook/pythonpath.sh'
[1.271s] Level 1:colcon.colcon_core.environment:checking '/home/go/motor_ws/install/md_teleop/bin'
[1.271s] Level 1:colcon.colcon_core.environment:create_environment_scripts_only(md_teleop)
[1.271s] INFO:colcon.colcon_core.shell:Creating package script '/home/go/motor_ws/install/md_teleop/share/md_teleop/package.ps1'
[1.272s] INFO:colcon.colcon_core.shell:Creating package descriptor '/home/go/motor_ws/install/md_teleop/share/md_teleop/package.dsv'
[1.272s] INFO:colcon.colcon_core.shell:Creating package script '/home/go/motor_ws/install/md_teleop/share/md_teleop/package.sh'
[1.272s] INFO:colcon.colcon_core.shell:Creating package script '/home/go/motor_ws/install/md_teleop/share/md_teleop/package.bash'
[1.273s] INFO:colcon.colcon_core.shell:Creating package script '/home/go/motor_ws/install/md_teleop/share/md_teleop/package.zsh'
[1.273s] Level 1:colcon.colcon_core.environment:create_file_with_runtime_dependencies(/home/go/motor_ws/install/md_teleop/share/colcon-core/packages/md_teleop)
[7.619s] DEBUG:colcon.colcon_core.event_handler.log_command:Invoked command in '/home/go/motor_ws/build/md_controller' returned '0': CMAKE_PREFIX_PATH=${CMAKE_PREFIX_PATH}:/home/go/motor_ws/install/md_teleop:/home/go/ros2_ws/install/md_teleop:/home/go/ros2_ws/src/human_tracker/install/human_tracker:/home/go/ros2_ws/src/sim_test/install/sim_test:/opt/ros/humble /usr/bin/cmake --build /home/go/motor_ws/build/md_controller -- -j16 -l16
[7.629s] DEBUG:colcon.colcon_core.event_handler.log_command:Invoking command in '/home/go/motor_ws/build/md_controller': CMAKE_PREFIX_PATH=${CMAKE_PREFIX_PATH}:/home/go/motor_ws/install/md_teleop:/home/go/ros2_ws/install/md_teleop:/home/go/ros2_ws/src/human_tracker/install/human_tracker:/home/go/ros2_ws/src/sim_test/install/sim_test:/opt/ros/humble /usr/bin/cmake --install /home/go/motor_ws/build/md_controller
[7.648s] Level 1:colcon.colcon_core.environment:create_environment_scripts_only(md_controller)
[7.648s] Level 1:colcon.colcon_core.environment:checking '/home/go/motor_ws/install/md_controller' for CMake module files
[7.649s] DEBUG:colcon.colcon_core.event_handler.log_command:Invoked command in '/home/go/motor_ws/build/md_controller' returned '0': CMAKE_PREFIX_PATH=${CMAKE_PREFIX_PATH}:/home/go/motor_ws/install/md_teleop:/home/go/ros2_ws/install/md_teleop:/home/go/ros2_ws/src/human_tracker/install/human_tracker:/home/go/ros2_ws/src/sim_test/install/sim_test:/opt/ros/humble /usr/bin/cmake --install /home/go/motor_ws/build/md_controller
[7.649s] Level 1:colcon.colcon_core.environment:checking '/home/go/motor_ws/install/md_controller' for CMake config files
[7.650s] Level 1:colcon.colcon_core.shell:create_environment_hook('md_controller', 'cmake_prefix_path')
[7.650s] INFO:colcon.colcon_core.shell:Creating environment hook '/home/go/motor_ws/install/md_controller/share/md_controller/hook/cmake_prefix_path.ps1'
[7.651s] INFO:colcon.colcon_core.shell:Creating environment descriptor '/home/go/motor_ws/install/md_controller/share/md_controller/hook/cmake_prefix_path.dsv'
[7.651s] INFO:colcon.colcon_core.shell:Creating environment hook '/home/go/motor_ws/install/md_controller/share/md_controller/hook/cmake_prefix_path.sh'
[7.651s] Level 1:colcon.colcon_core.environment:checking '/home/go/motor_ws/install/md_controller/lib'
[7.651s] Level 1:colcon.colcon_core.environment:checking '/home/go/motor_ws/install/md_controller/bin'
[7.651s] Level 1:colcon.colcon_core.environment:checking '/home/go/motor_ws/install/md_controller/lib/pkgconfig/md_controller.pc'
[7.651s] Level 1:colcon.colcon_core.environment:checking '/home/go/motor_ws/install/md_controller/lib/python3.10/site-packages'
[7.651s] Level 1:colcon.colcon_core.environment:checking '/home/go/motor_ws/install/md_controller/bin'
[7.652s] INFO:colcon.colcon_core.shell:Creating package script '/home/go/motor_ws/install/md_controller/share/md_controller/package.ps1'
[7.652s] INFO:colcon.colcon_core.shell:Creating package descriptor '/home/go/motor_ws/install/md_controller/share/md_controller/package.dsv'
[7.652s] INFO:colcon.colcon_core.shell:Creating package script '/home/go/motor_ws/install/md_controller/share/md_controller/package.sh'
[7.653s] INFO:colcon.colcon_core.shell:Creating package script '/home/go/motor_ws/install/md_controller/share/md_controller/package.bash'
[7.653s] INFO:colcon.colcon_core.shell:Creating package script '/home/go/motor_ws/install/md_controller/share/md_controller/package.zsh'
[7.653s] Level 1:colcon.colcon_core.environment:create_file_with_runtime_dependencies(/home/go/motor_ws/install/md_controller/share/colcon-core/packages/md_controller)
[7.653s] Level 1:colcon.colcon_core.environment:create_environment_scripts_only(md_controller)
[7.653s] Level 1:colcon.colcon_core.environment:checking '/home/go/motor_ws/install/md_controller' for CMake module files
[7.654s] Level 1:colcon.colcon_core.environment:checking '/home/go/motor_ws/install/md_controller' for CMake config files
[7.654s] Level 1:colcon.colcon_core.shell:create_environment_hook('md_controller', 'cmake_prefix_path')
[7.654s] INFO:colcon.colcon_core.shell:Creating environment hook '/home/go/motor_ws/install/md_controller/share/md_controller/hook/cmake_prefix_path.ps1'
[7.654s] INFO:colcon.colcon_core.shell:Creating environment descriptor '/home/go/motor_ws/install/md_controller/share/md_controller/hook/cmake_prefix_path.dsv'
[7.655s] INFO:colcon.colcon_core.shell:Creating environment hook '/home/go/motor_ws/install/md_controller/share/md_controller/hook/cmake_prefix_path.sh'
[7.655s] Level 1:colcon.colcon_core.environment:checking '/home/go/motor_ws/install/md_controller/lib'
[7.655s] Level 1:colcon.colcon_core.environment:checking '/home/go/motor_ws/install/md_controller/bin'
[7.655s] Level 1:colcon.colcon_core.environment:checking '/home/go/motor_ws/install/md_controller/lib/pkgconfig/md_controller.pc'
[7.655s] Level 1:colcon.colcon_core.environment:checking '/home/go/motor_ws/install/md_controller/lib/python3.10/site-packages'
[7.655s] Level 1:colcon.colcon_core.environment:checking '/home/go/motor_ws/install/md_controller/bin'
[7.655s] INFO:colcon.colcon_core.shell:Creating package script '/home/go/motor_ws/install/md_controller/share/md_controller/package.ps1'
[7.656s] INFO:colcon.colcon_core.shell:Creating package descriptor '/home/go/motor_ws/install/md_controller/share/md_controller/package.dsv'
[7.656s] INFO:colcon.colcon_core.shell:Creating package script '/home/go/motor_ws/install/md_controller/share/md_controller/package.sh'
[7.656s] INFO:colcon.colcon_core.shell:Creating package script '/home/go/motor_ws/install/md_controller/share/md_controller/package.bash'
[7.657s] INFO:colcon.colcon_core.shell:Creating package script '/home/go/motor_ws/install/md_controller/share/md_controller/package.zsh'
[7.657s] Level 1:colcon.colcon_core.environment:create_file_with_runtime_dependencies(/home/go/motor_ws/install/md_controller/share/colcon-core/packages/md_controller)
[7.657s] DEBUG:colcon.colcon_parallel_executor.executor.parallel:closing loop
[7.657s] DEBUG:colcon.colcon_parallel_executor.executor.parallel:loop closed
[7.657s] DEBUG:colcon.colcon_parallel_executor.executor.parallel:run_until_complete finished with '0'
[7.657s] DEBUG:colcon.colcon_core.event_reactor:joining thread
[7.661s] INFO:colcon.colcon_core.plugin_system:Skipping extension 'colcon_notification.desktop_notification.terminal_notifier': Not used on non-Darwin systems
[7.661s] INFO:colcon.colcon_core.plugin_system:Skipping extension 'colcon_notification.desktop_notification.win32': Not used on non-Windows systems
[7.661s] INFO:colcon.colcon_notification.desktop_notification:Sending desktop notification using 'notify2'
[7.670s] DEBUG:colcon.colcon_core.event_reactor:joined thread
[7.671s] INFO:colcon.colcon_core.shell:Creating prefix script '/home/go/motor_ws/install/local_setup.ps1'
[7.672s] INFO:colcon.colcon_core.shell:Creating prefix util module '/home/go/motor_ws/install/_local_setup_util_ps1.py'
[7.673s] INFO:colcon.colcon_core.shell:Creating prefix chain script '/home/go/motor_ws/install/setup.ps1'
[7.674s] INFO:colcon.colcon_core.shell:Creating prefix script '/home/go/motor_ws/install/local_setup.sh'
[7.674s] INFO:colcon.colcon_core.shell:Creating prefix util module '/home/go/motor_ws/install/_local_setup_util_sh.py'
[7.675s] INFO:colcon.colcon_core.shell:Creating prefix chain script '/home/go/motor_ws/install/setup.sh'
[7.676s] INFO:colcon.colcon_core.shell:Creating prefix script '/home/go/motor_ws/install/local_setup.bash'
[7.676s] INFO:colcon.colcon_core.shell:Creating prefix chain script '/home/go/motor_ws/install/setup.bash'
[7.677s] INFO:colcon.colcon_core.shell:Creating prefix script '/home/go/motor_ws/install/local_setup.zsh'
[7.677s] INFO:colcon.colcon_core.shell:Creating prefix chain script '/home/go/motor_ws/install/setup.zsh'
