/home/go/motor_ws/install/md_teleop/lib/python3.10/site-packages/md_teleop/__init__.py
/home/go/motor_ws/install/md_teleop/lib/python3.10/site-packages/md_teleop/md_teleop_key.py
/home/go/motor_ws/install/md_teleop/lib/python3.10/site-packages/md_teleop/test.py
/home/go/motor_ws/install/md_teleop/lib/python3.10/site-packages/md_teleop/teleop.py
/home/go/motor_ws/install/md_teleop/lib/python3.10/site-packages/md_teleop/__pycache__/__init__.cpython-310.pyc
/home/go/motor_ws/install/md_teleop/lib/python3.10/site-packages/md_teleop/__pycache__/md_teleop_key.cpython-310.pyc
/home/go/motor_ws/install/md_teleop/lib/python3.10/site-packages/md_teleop/__pycache__/test.cpython-310.pyc
/home/go/motor_ws/install/md_teleop/lib/python3.10/site-packages/md_teleop/__pycache__/teleop.cpython-310.pyc
/home/go/motor_ws/install/md_teleop/share/ament_index/resource_index/packages/md_teleop
/home/go/motor_ws/install/md_teleop/share/md_teleop/package.xml
/home/go/motor_ws/install/md_teleop/lib/python3.10/site-packages/md_teleop-0.0.0-py3.10.egg-info/entry_points.txt
/home/go/motor_ws/install/md_teleop/lib/python3.10/site-packages/md_teleop-0.0.0-py3.10.egg-info/requires.txt
/home/go/motor_ws/install/md_teleop/lib/python3.10/site-packages/md_teleop-0.0.0-py3.10.egg-info/zip-safe
/home/go/motor_ws/install/md_teleop/lib/python3.10/site-packages/md_teleop-0.0.0-py3.10.egg-info/top_level.txt
/home/go/motor_ws/install/md_teleop/lib/python3.10/site-packages/md_teleop-0.0.0-py3.10.egg-info/dependency_links.txt
/home/go/motor_ws/install/md_teleop/lib/python3.10/site-packages/md_teleop-0.0.0-py3.10.egg-info/SOURCES.txt
/home/go/motor_ws/install/md_teleop/lib/python3.10/site-packages/md_teleop-0.0.0-py3.10.egg-info/PKG-INFO
/home/go/motor_ws/install/md_teleop/lib/md_teleop/md_teleop_key_node
/home/go/motor_ws/install/md_teleop/lib/md_teleop/teleop
/home/go/motor_ws/install/md_teleop/lib/md_teleop/test
