[0.706s] Invoking command in '/home/go/motor_ws/src/md_teleop': PYTHONPATH=/home/go/motor_ws/build/md_teleop/prefix_override:/usr/lib/python3/dist-packages/colcon_core/task/python/colcon_distutils_commands:/home/go/motor_ws/install/md_teleop/lib/python3.10/site-packages:${PYTHONPATH} /usr/bin/python3 -W ignore:setup.py install is deprecated -W ignore:easy_install command is deprecated setup.py egg_info --egg-base ../../build/md_teleop build --build-base /home/go/motor_ws/build/md_teleop/build install --record /home/go/motor_ws/build/md_teleop/install.log --single-version-externally-managed install_data
[0.957s] running egg_info
[0.957s] writing ../../build/md_teleop/md_teleop.egg-info/PKG-INFO
[0.958s] writing dependency_links to ../../build/md_teleop/md_teleop.egg-info/dependency_links.txt
[0.958s] writing entry points to ../../build/md_teleop/md_teleop.egg-info/entry_points.txt
[0.958s] writing requirements to ../../build/md_teleop/md_teleop.egg-info/requires.txt
[0.958s] writing top-level names to ../../build/md_teleop/md_teleop.egg-info/top_level.txt
[0.960s] reading manifest file '../../build/md_teleop/md_teleop.egg-info/SOURCES.txt'
[0.960s] writing manifest file '../../build/md_teleop/md_teleop.egg-info/SOURCES.txt'
[0.960s] running build
[0.961s] running build_py
[0.961s] running install
[0.961s] running install_lib
[0.962s] running install_data
[0.962s] running install_egg_info
[0.963s] removing '/home/go/motor_ws/install/md_teleop/lib/python3.10/site-packages/md_teleop-0.0.0-py3.10.egg-info' (and everything under it)
[0.964s] Copying ../../build/md_teleop/md_teleop.egg-info to /home/go/motor_ws/install/md_teleop/lib/python3.10/site-packages/md_teleop-0.0.0-py3.10.egg-info
[0.964s] running install_scripts
[0.987s] Installing md_teleop_key_node script to /home/go/motor_ws/install/md_teleop/lib/md_teleop
[0.987s] writing list of installed files to '/home/go/motor_ws/build/md_teleop/install.log'
[1.077s] Invoked command in '/home/go/motor_ws/src/md_teleop' returned '0': PYTHONPATH=/home/go/motor_ws/build/md_teleop/prefix_override:/usr/lib/python3/dist-packages/colcon_core/task/python/colcon_distutils_commands:/home/go/motor_ws/install/md_teleop/lib/python3.10/site-packages:${PYTHONPATH} /usr/bin/python3 -W ignore:setup.py install is deprecated -W ignore:easy_install command is deprecated setup.py egg_info --egg-base ../../build/md_teleop build --build-base /home/go/motor_ws/build/md_teleop/build install --record /home/go/motor_ws/build/md_teleop/install.log --single-version-externally-managed install_data
