[0.858s] Invoking command in '/home/go/motor_ws/src/motor_controller': PYTHONPATH=/home/go/motor_ws/build/motor_controller/prefix_override:/usr/lib/python3/dist-packages/colcon_core/task/python/colcon_distutils_commands:/home/go/motor_ws/install/motor_controller/lib/python3.10/site-packages:${PYTHONPATH} /usr/bin/python3 -W ignore:setup.py install is deprecated -W ignore:easy_install command is deprecated setup.py egg_info --egg-base ../../build/motor_controller build --build-base /home/go/motor_ws/build/motor_controller/build install --record /home/go/motor_ws/build/motor_controller/install.log --single-version-externally-managed install_data
[1.035s] running egg_info
[1.035s] writing ../../build/motor_controller/motor_controller.egg-info/PKG-INFO
[1.036s] writing dependency_links to ../../build/motor_controller/motor_controller.egg-info/dependency_links.txt
[1.036s] writing entry points to ../../build/motor_controller/motor_controller.egg-info/entry_points.txt
[1.036s] writing requirements to ../../build/motor_controller/motor_controller.egg-info/requires.txt
[1.036s] writing top-level names to ../../build/motor_controller/motor_controller.egg-info/top_level.txt
[1.037s] reading manifest file '../../build/motor_controller/motor_controller.egg-info/SOURCES.txt'
[1.037s] writing manifest file '../../build/motor_controller/motor_controller.egg-info/SOURCES.txt'
[1.037s] running build
[1.037s] running build_py
[1.037s] running install
[1.038s] running install_lib
[1.038s] running install_data
[1.039s] running install_egg_info
[1.040s] removing '/home/go/motor_ws/install/motor_controller/lib/python3.10/site-packages/motor_controller-0.0.0-py3.10.egg-info' (and everything under it)
[1.040s] Copying ../../build/motor_controller/motor_controller.egg-info to /home/go/motor_ws/install/motor_controller/lib/python3.10/site-packages/motor_controller-0.0.0-py3.10.egg-info
[1.041s] running install_scripts
[1.057s] Installing motor_node script to /home/go/motor_ws/install/motor_controller/lib/motor_controller
[1.057s] writing list of installed files to '/home/go/motor_ws/build/motor_controller/install.log'
[1.111s] Invoked command in '/home/go/motor_ws/src/motor_controller' returned '0': PYTHONPATH=/home/go/motor_ws/build/motor_controller/prefix_override:/usr/lib/python3/dist-packages/colcon_core/task/python/colcon_distutils_commands:/home/go/motor_ws/install/motor_controller/lib/python3.10/site-packages:${PYTHONPATH} /usr/bin/python3 -W ignore:setup.py install is deprecated -W ignore:easy_install command is deprecated setup.py egg_info --egg-base ../../build/motor_controller build --build-base /home/go/motor_ws/build/motor_controller/build install --record /home/go/motor_ws/build/motor_controller/install.log --single-version-externally-managed install_data
