[0.369s] Invoking command in '/home/go/motor_ws/src/md_teleop': PYTHONPATH=/home/go/motor_ws/build/md_teleop/prefix_override:/usr/lib/python3/dist-packages/colcon_core/task/python/colcon_distutils_commands:/home/go/motor_ws/install/md_teleop/lib/python3.10/site-packages:${PYTHONPATH} /usr/bin/python3 -W ignore:setup.py install is deprecated -W ignore:easy_install command is deprecated setup.py egg_info --egg-base ../../build/md_teleop build --build-base /home/go/motor_ws/build/md_teleop/build install --record /home/go/motor_ws/build/md_teleop/install.log --single-version-externally-managed install_data
[0.506s] running egg_info
[0.506s] writing ../../build/md_teleop/md_teleop.egg-info/PKG-INFO
[0.506s] writing dependency_links to ../../build/md_teleop/md_teleop.egg-info/dependency_links.txt
[0.506s] writing entry points to ../../build/md_teleop/md_teleop.egg-info/entry_points.txt
[0.506s] writing requirements to ../../build/md_teleop/md_teleop.egg-info/requires.txt
[0.506s] writing top-level names to ../../build/md_teleop/md_teleop.egg-info/top_level.txt
[0.507s] reading manifest file '../../build/md_teleop/md_teleop.egg-info/SOURCES.txt'
[0.508s] writing manifest file '../../build/md_teleop/md_teleop.egg-info/SOURCES.txt'
[0.508s] running build
[0.508s] running build_py
[0.508s] copying md_teleop/test.py -> /home/go/motor_ws/build/md_teleop/build/lib/md_teleop
[0.508s] running install
[0.508s] running install_lib
[0.509s] copying /home/go/motor_ws/build/md_teleop/build/lib/md_teleop/test.py -> /home/go/motor_ws/install/md_teleop/lib/python3.10/site-packages/md_teleop
[0.509s] byte-compiling /home/go/motor_ws/install/md_teleop/lib/python3.10/site-packages/md_teleop/test.py to test.cpython-310.pyc
[0.509s] running install_data
[0.509s] running install_egg_info
[0.511s] removing '/home/go/motor_ws/install/md_teleop/lib/python3.10/site-packages/md_teleop-0.0.0-py3.10.egg-info' (and everything under it)
[0.511s] Copying ../../build/md_teleop/md_teleop.egg-info to /home/go/motor_ws/install/md_teleop/lib/python3.10/site-packages/md_teleop-0.0.0-py3.10.egg-info
[0.511s] running install_scripts
[0.524s] Installing md_teleop_key_node script to /home/go/motor_ws/install/md_teleop/lib/md_teleop
[0.524s] Installing teleop script to /home/go/motor_ws/install/md_teleop/lib/md_teleop
[0.524s] Installing test script to /home/go/motor_ws/install/md_teleop/lib/md_teleop
[0.524s] writing list of installed files to '/home/go/motor_ws/build/md_teleop/install.log'
[0.540s] Invoked command in '/home/go/motor_ws/src/md_teleop' returned '0': PYTHONPATH=/home/go/motor_ws/build/md_teleop/prefix_override:/usr/lib/python3/dist-packages/colcon_core/task/python/colcon_distutils_commands:/home/go/motor_ws/install/md_teleop/lib/python3.10/site-packages:${PYTHONPATH} /usr/bin/python3 -W ignore:setup.py install is deprecated -W ignore:easy_install command is deprecated setup.py egg_info --egg-base ../../build/md_teleop build --build-base /home/go/motor_ws/build/md_teleop/build install --record /home/go/motor_ws/build/md_teleop/install.log --single-version-externally-managed install_data
