[0.060s] DEBUG:colcon:Command line arguments: ['/usr/bin/colcon', 'build', '--symlink-install', '--cmake-args', '-DCMAKE_EXPORT_COMPILE_COMMANDS=ON']
[0.060s] DEBUG:colcon:Parsed command line arguments: Namespace(log_base=None, log_level=None, verb_name='build', build_base='build', install_base='install', merge_install=False, symlink_install=True, test_result_base=None, continue_on_error=False, executor='parallel', parallel_workers=16, event_handlers=None, ignore_user_meta=False, metas=['./colcon.meta'], base_paths=['.'], packages_ignore=None, packages_ignore_regex=None, paths=None, packages_up_to=None, packages_up_to_regex=None, packages_above=None, packages_above_and_dependencies=None, packages_above_depth=None, packages_select_by_dep=None, packages_skip_by_dep=None, packages_skip_up_to=None, packages_select_build_failed=False, packages_skip_build_finished=False, packages_select_test_failures=False, packages_skip_test_passed=False, packages_select=None, packages_skip=None, packages_select_regex=None, packages_skip_regex=None, packages_start=None, packages_end=None, allow_overriding=[], cmake_args=['-DCMAKE_EXPORT_COMPILE_COMMANDS=ON'], cmake_target=None, cmake_target_skip_unavailable=False, cmake_clean_cache=False, cmake_clean_first=False, cmake_force_configure=False, ament_cmake_args=None, catkin_cmake_args=None, catkin_skip_building_tests=False, mixin_files=None, mixin=None, verb_parser=<colcon_mixin.mixin.mixin_argument.MixinArgumentDecorator object at 0x75f0e92674f0>, verb_extension=<colcon_core.verb.build.BuildVerb object at 0x75f0e92670d0>, main=<bound method BuildVerb.main of <colcon_core.verb.build.BuildVerb object at 0x75f0e92670d0>>, mixin_verb=('build',))
[0.146s] Level 1:colcon.colcon_core.package_discovery:discover_packages(colcon_meta) check parameters
[0.146s] Level 1:colcon.colcon_core.package_discovery:discover_packages(recursive) check parameters
[0.146s] Level 1:colcon.colcon_core.package_discovery:discover_packages(ignore) check parameters
[0.146s] Level 1:colcon.colcon_core.package_discovery:discover_packages(path) check parameters
[0.146s] Level 1:colcon.colcon_core.package_discovery:discover_packages(colcon_meta) discover
[0.146s] Level 1:colcon.colcon_core.package_discovery:discover_packages(recursive) discover
[0.146s] INFO:colcon.colcon_core.package_discovery:Crawling recursively for packages in '/home/go/motor_ws'
[0.146s] Level 1:colcon.colcon_core.package_identification:_identify(.) by extensions ['ignore', 'ignore_ament_install']
[0.146s] Level 1:colcon.colcon_core.package_identification:_identify(.) by extension 'ignore'
[0.146s] Level 1:colcon.colcon_core.package_identification:_identify(.) by extension 'ignore_ament_install'
[0.146s] Level 1:colcon.colcon_core.package_identification:_identify(.) by extensions ['colcon_pkg']
[0.146s] Level 1:colcon.colcon_core.package_identification:_identify(.) by extension 'colcon_pkg'
[0.146s] Level 1:colcon.colcon_core.package_identification:_identify(.) by extensions ['colcon_meta']
[0.146s] Level 1:colcon.colcon_core.package_identification:_identify(.) by extension 'colcon_meta'
[0.147s] Level 1:colcon.colcon_core.package_identification:_identify(.) by extensions ['ros']
[0.147s] Level 1:colcon.colcon_core.package_identification:_identify(.) by extension 'ros'
[0.152s] Level 1:colcon.colcon_core.package_identification:_identify(.) by extensions ['cmake', 'python']
[0.152s] Level 1:colcon.colcon_core.package_identification:_identify(.) by extension 'cmake'
[0.152s] Level 1:colcon.colcon_core.package_identification:_identify(.) by extension 'python'
[0.152s] Level 1:colcon.colcon_core.package_identification:_identify(.) by extensions ['python_setup_py']
[0.152s] Level 1:colcon.colcon_core.package_identification:_identify(.) by extension 'python_setup_py'
[0.152s] Level 1:colcon.colcon_core.package_identification:_identify(build) by extensions ['ignore', 'ignore_ament_install']
[0.153s] Level 1:colcon.colcon_core.package_identification:_identify(build) by extension 'ignore'
[0.153s] Level 1:colcon.colcon_core.package_identification:_identify(build) ignored
[0.153s] Level 1:colcon.colcon_core.package_identification:_identify(install) by extensions ['ignore', 'ignore_ament_install']
[0.153s] Level 1:colcon.colcon_core.package_identification:_identify(install) by extension 'ignore'
[0.153s] Level 1:colcon.colcon_core.package_identification:_identify(install) ignored
[0.153s] Level 1:colcon.colcon_core.package_identification:_identify(log) by extensions ['ignore', 'ignore_ament_install']
[0.153s] Level 1:colcon.colcon_core.package_identification:_identify(log) by extension 'ignore'
[0.153s] Level 1:colcon.colcon_core.package_identification:_identify(log) ignored
[0.153s] Level 1:colcon.colcon_core.package_identification:_identify(src) by extensions ['ignore', 'ignore_ament_install']
[0.153s] Level 1:colcon.colcon_core.package_identification:_identify(src) by extension 'ignore'
[0.153s] Level 1:colcon.colcon_core.package_identification:_identify(src) by extension 'ignore_ament_install'
[0.153s] Level 1:colcon.colcon_core.package_identification:_identify(src) by extensions ['colcon_pkg']
[0.153s] Level 1:colcon.colcon_core.package_identification:_identify(src) by extension 'colcon_pkg'
[0.153s] Level 1:colcon.colcon_core.package_identification:_identify(src) by extensions ['colcon_meta']
[0.153s] Level 1:colcon.colcon_core.package_identification:_identify(src) by extension 'colcon_meta'
[0.153s] Level 1:colcon.colcon_core.package_identification:_identify(src) by extensions ['ros']
[0.153s] Level 1:colcon.colcon_core.package_identification:_identify(src) by extension 'ros'
[0.153s] Level 1:colcon.colcon_core.package_identification:_identify(src) by extensions ['cmake', 'python']
[0.153s] Level 1:colcon.colcon_core.package_identification:_identify(src) by extension 'cmake'
[0.153s] Level 1:colcon.colcon_core.package_identification:_identify(src) by extension 'python'
[0.153s] Level 1:colcon.colcon_core.package_identification:_identify(src) by extensions ['python_setup_py']
[0.153s] Level 1:colcon.colcon_core.package_identification:_identify(src) by extension 'python_setup_py'
[0.153s] Level 1:colcon.colcon_core.package_identification:_identify(src/md_controller) by extensions ['ignore', 'ignore_ament_install']
[0.153s] Level 1:colcon.colcon_core.package_identification:_identify(src/md_controller) by extension 'ignore'
[0.153s] Level 1:colcon.colcon_core.package_identification:_identify(src/md_controller) by extension 'ignore_ament_install'
[0.153s] Level 1:colcon.colcon_core.package_identification:_identify(src/md_controller) by extensions ['colcon_pkg']
[0.153s] Level 1:colcon.colcon_core.package_identification:_identify(src/md_controller) by extension 'colcon_pkg'
[0.153s] Level 1:colcon.colcon_core.package_identification:_identify(src/md_controller) by extensions ['colcon_meta']
[0.153s] Level 1:colcon.colcon_core.package_identification:_identify(src/md_controller) by extension 'colcon_meta'
[0.153s] Level 1:colcon.colcon_core.package_identification:_identify(src/md_controller) by extensions ['ros']
[0.153s] Level 1:colcon.colcon_core.package_identification:_identify(src/md_controller) by extension 'ros'
[0.155s] DEBUG:colcon.colcon_core.package_identification:Package 'src/md_controller' with type 'ros.ament_cmake' and name 'md_controller'
[0.155s] Level 1:colcon.colcon_core.package_identification:_identify(src/md_teleop) by extensions ['ignore', 'ignore_ament_install']
[0.155s] Level 1:colcon.colcon_core.package_identification:_identify(src/md_teleop) by extension 'ignore'
[0.155s] Level 1:colcon.colcon_core.package_identification:_identify(src/md_teleop) by extension 'ignore_ament_install'
[0.155s] Level 1:colcon.colcon_core.package_identification:_identify(src/md_teleop) by extensions ['colcon_pkg']
[0.155s] Level 1:colcon.colcon_core.package_identification:_identify(src/md_teleop) by extension 'colcon_pkg'
[0.155s] Level 1:colcon.colcon_core.package_identification:_identify(src/md_teleop) by extensions ['colcon_meta']
[0.155s] Level 1:colcon.colcon_core.package_identification:_identify(src/md_teleop) by extension 'colcon_meta'
[0.155s] Level 1:colcon.colcon_core.package_identification:_identify(src/md_teleop) by extensions ['ros']
[0.155s] Level 1:colcon.colcon_core.package_identification:_identify(src/md_teleop) by extension 'ros'
[0.155s] DEBUG:colcon.colcon_core.package_identification:Package 'src/md_teleop' with type 'ros.ament_python' and name 'md_teleop'
[0.155s] Level 1:colcon.colcon_core.package_discovery:discover_packages(recursive) using defaults
[0.155s] Level 1:colcon.colcon_core.package_discovery:discover_packages(ignore) discover
[0.155s] Level 1:colcon.colcon_core.package_discovery:discover_packages(ignore) using defaults
[0.155s] Level 1:colcon.colcon_core.package_discovery:discover_packages(path) discover
[0.155s] Level 1:colcon.colcon_core.package_discovery:discover_packages(path) using defaults
[0.174s] Level 1:colcon.colcon_core.package_discovery:discover_packages(prefix_path) check parameters
[0.175s] Level 1:colcon.colcon_core.package_discovery:discover_packages(prefix_path) discover
[0.176s] DEBUG:colcon.colcon_installed_package_information.package_discovery:Found 2 installed packages in /home/go/ros2_ws/install
[0.176s] DEBUG:colcon.colcon_installed_package_information.package_discovery:Found 1 installed packages in /home/go/ros2_ws/src/human_tracker/install
[0.176s] DEBUG:colcon.colcon_installed_package_information.package_discovery:Found 1 installed packages in /home/go/ros2_ws/src/sim_test/install
[0.176s] DEBUG:colcon.colcon_installed_package_information.package_discovery:Found 0 installed packages in /home/go/install
[0.177s] DEBUG:colcon.colcon_installed_package_information.package_discovery:Found 340 installed packages in /opt/ros/humble
[0.178s] Level 1:colcon.colcon_core.package_discovery:discover_packages(prefix_path) using defaults
[0.199s] Level 5:colcon.colcon_core.verb:set package 'md_controller' build argument 'cmake_args' from command line to '['-DCMAKE_EXPORT_COMPILE_COMMANDS=ON']'
[0.200s] Level 5:colcon.colcon_core.verb:set package 'md_controller' build argument 'cmake_target' from command line to 'None'
[0.200s] Level 5:colcon.colcon_core.verb:set package 'md_controller' build argument 'cmake_target_skip_unavailable' from command line to 'False'
[0.200s] Level 5:colcon.colcon_core.verb:set package 'md_controller' build argument 'cmake_clean_cache' from command line to 'False'
[0.200s] Level 5:colcon.colcon_core.verb:set package 'md_controller' build argument 'cmake_clean_first' from command line to 'False'
[0.200s] Level 5:colcon.colcon_core.verb:set package 'md_controller' build argument 'cmake_force_configure' from command line to 'False'
[0.200s] Level 5:colcon.colcon_core.verb:set package 'md_controller' build argument 'ament_cmake_args' from command line to 'None'
[0.200s] Level 5:colcon.colcon_core.verb:set package 'md_controller' build argument 'catkin_cmake_args' from command line to 'None'
[0.200s] Level 5:colcon.colcon_core.verb:set package 'md_controller' build argument 'catkin_skip_building_tests' from command line to 'False'
[0.200s] DEBUG:colcon.colcon_core.verb:Building package 'md_controller' with the following arguments: {'ament_cmake_args': None, 'build_base': '/home/go/motor_ws/build/md_controller', 'catkin_cmake_args': None, 'catkin_skip_building_tests': False, 'cmake_args': ['-DCMAKE_EXPORT_COMPILE_COMMANDS=ON'], 'cmake_clean_cache': False, 'cmake_clean_first': False, 'cmake_force_configure': False, 'cmake_target': None, 'cmake_target_skip_unavailable': False, 'install_base': '/home/go/motor_ws/install/md_controller', 'merge_install': False, 'path': '/home/go/motor_ws/src/md_controller', 'symlink_install': True, 'test_result_base': None}
[0.200s] Level 5:colcon.colcon_core.verb:set package 'md_teleop' build argument 'cmake_args' from command line to '['-DCMAKE_EXPORT_COMPILE_COMMANDS=ON']'
[0.200s] Level 5:colcon.colcon_core.verb:set package 'md_teleop' build argument 'cmake_target' from command line to 'None'
[0.200s] Level 5:colcon.colcon_core.verb:set package 'md_teleop' build argument 'cmake_target_skip_unavailable' from command line to 'False'
[0.200s] Level 5:colcon.colcon_core.verb:set package 'md_teleop' build argument 'cmake_clean_cache' from command line to 'False'
[0.200s] Level 5:colcon.colcon_core.verb:set package 'md_teleop' build argument 'cmake_clean_first' from command line to 'False'
[0.200s] Level 5:colcon.colcon_core.verb:set package 'md_teleop' build argument 'cmake_force_configure' from command line to 'False'
[0.200s] Level 5:colcon.colcon_core.verb:set package 'md_teleop' build argument 'ament_cmake_args' from command line to 'None'
[0.200s] Level 5:colcon.colcon_core.verb:set package 'md_teleop' build argument 'catkin_cmake_args' from command line to 'None'
[0.200s] Level 5:colcon.colcon_core.verb:set package 'md_teleop' build argument 'catkin_skip_building_tests' from command line to 'False'
[0.200s] DEBUG:colcon.colcon_core.verb:Building package 'md_teleop' with the following arguments: {'ament_cmake_args': None, 'build_base': '/home/go/motor_ws/build/md_teleop', 'catkin_cmake_args': None, 'catkin_skip_building_tests': False, 'cmake_args': ['-DCMAKE_EXPORT_COMPILE_COMMANDS=ON'], 'cmake_clean_cache': False, 'cmake_clean_first': False, 'cmake_force_configure': False, 'cmake_target': None, 'cmake_target_skip_unavailable': False, 'install_base': '/home/go/motor_ws/install/md_teleop', 'merge_install': False, 'path': '/home/go/motor_ws/src/md_teleop', 'symlink_install': True, 'test_result_base': None}
[0.200s] INFO:colcon.colcon_core.executor:Executing jobs using 'parallel' executor
[0.201s] DEBUG:colcon.colcon_parallel_executor.executor.parallel:run_until_complete
[0.201s] INFO:colcon.colcon_ros.task.ament_cmake.build:Building ROS package in '/home/go/motor_ws/src/md_controller' with build type 'ament_cmake'
[0.201s] INFO:colcon.colcon_cmake.task.cmake.build:Building CMake package in '/home/go/motor_ws/src/md_controller'
[0.202s] INFO:colcon.colcon_core.plugin_system:Skipping extension 'colcon_core.shell.bat': Not used on non-Windows systems
[0.202s] INFO:colcon.colcon_core.shell:Skip shell extension 'powershell' for command environment: Not usable outside of PowerShell
[0.202s] DEBUG:colcon.colcon_core.shell:Skip shell extension 'dsv' for command environment
[0.205s] INFO:colcon.colcon_ros.task.ament_python.build:Building ROS package in '/home/go/motor_ws/src/md_teleop' with build type 'ament_python'
[0.205s] Level 1:colcon.colcon_core.shell:create_environment_hook('md_teleop', 'ament_prefix_path')
[0.205s] INFO:colcon.colcon_core.shell:Creating environment hook '/home/go/motor_ws/install/md_teleop/share/md_teleop/hook/ament_prefix_path.ps1'
[0.206s] INFO:colcon.colcon_core.shell:Creating environment descriptor '/home/go/motor_ws/install/md_teleop/share/md_teleop/hook/ament_prefix_path.dsv'
[0.206s] INFO:colcon.colcon_core.shell:Creating environment hook '/home/go/motor_ws/install/md_teleop/share/md_teleop/hook/ament_prefix_path.sh'
[0.206s] INFO:colcon.colcon_core.shell:Skip shell extension 'powershell' for command environment: Not usable outside of PowerShell
[0.206s] DEBUG:colcon.colcon_core.shell:Skip shell extension 'dsv' for command environment
[0.211s] DEBUG:colcon.colcon_core.event_handler.log_command:Invoking command in '/home/go/motor_ws/build/md_controller': CMAKE_PREFIX_PATH=${CMAKE_PREFIX_PATH}:/home/go/ros2_ws/install/md_teleop:/home/go/ros2_ws/src/human_tracker/install/human_tracker:/home/go/ros2_ws/src/sim_test/install/sim_test:/opt/ros/humble /usr/bin/cmake /home/go/motor_ws/src/md_controller -DCMAKE_EXPORT_COMPILE_COMMANDS=ON -DAMENT_CMAKE_SYMLINK_INSTALL=1 -DCMAKE_INSTALL_PREFIX=/home/go/motor_ws/install/md_controller
[0.357s] INFO:colcon.colcon_core.task.python.build:Building Python package in '/home/go/motor_ws/src/md_teleop'
[0.358s] INFO:colcon.colcon_core.shell:Skip shell extension 'powershell' for command environment: Not usable outside of PowerShell
[0.358s] DEBUG:colcon.colcon_core.shell:Skip shell extension 'dsv' for command environment
[0.561s] DEBUG:colcon.colcon_core.event_handler.log_command:Invoking command in '/home/go/motor_ws/build/md_teleop': PYTHONPATH=/home/go/motor_ws/build/md_teleop/prefix_override:/usr/lib/python3/dist-packages/colcon_core/task/python/colcon_distutils_commands:/home/go/motor_ws/install/md_teleop/lib/python3.10/site-packages:${PYTHONPATH} /usr/bin/python3 -W ignore:setup.py install is deprecated -W ignore:easy_install command is deprecated setup.py develop --editable --build-directory /home/go/motor_ws/build/md_teleop/build --no-deps symlink_data
[0.813s] Level 1:colcon.colcon_core.shell:create_environment_hook('md_teleop', 'pythonpath_develop')
[0.814s] INFO:colcon.colcon_core.shell:Creating environment hook '/home/go/motor_ws/build/md_teleop/share/md_teleop/hook/pythonpath_develop.ps1'
[0.814s] DEBUG:colcon.colcon_core.event_handler.log_command:Invoked command in '/home/go/motor_ws/build/md_teleop' returned '0': PYTHONPATH=/home/go/motor_ws/build/md_teleop/prefix_override:/usr/lib/python3/dist-packages/colcon_core/task/python/colcon_distutils_commands:/home/go/motor_ws/install/md_teleop/lib/python3.10/site-packages:${PYTHONPATH} /usr/bin/python3 -W ignore:setup.py install is deprecated -W ignore:easy_install command is deprecated setup.py develop --editable --build-directory /home/go/motor_ws/build/md_teleop/build --no-deps symlink_data
[0.814s] INFO:colcon.colcon_core.shell:Creating environment descriptor '/home/go/motor_ws/build/md_teleop/share/md_teleop/hook/pythonpath_develop.dsv'
[0.815s] INFO:colcon.colcon_core.shell:Creating environment hook '/home/go/motor_ws/build/md_teleop/share/md_teleop/hook/pythonpath_develop.sh'
[0.816s] Level 1:colcon.colcon_core.environment:checking '/home/go/motor_ws/install/md_teleop' for CMake module files
[0.816s] Level 1:colcon.colcon_core.environment:checking '/home/go/motor_ws/install/md_teleop' for CMake config files
[0.817s] Level 1:colcon.colcon_core.environment:checking '/home/go/motor_ws/install/md_teleop/lib'
[0.817s] Level 1:colcon.colcon_core.environment:checking '/home/go/motor_ws/install/md_teleop/bin'
[0.817s] Level 1:colcon.colcon_core.environment:checking '/home/go/motor_ws/install/md_teleop/lib/pkgconfig/md_teleop.pc'
[0.817s] Level 1:colcon.colcon_core.environment:checking '/home/go/motor_ws/install/md_teleop/lib/python3.10/site-packages'
[0.817s] Level 1:colcon.colcon_core.shell:create_environment_hook('md_teleop', 'pythonpath')
[0.817s] INFO:colcon.colcon_core.shell:Creating environment hook '/home/go/motor_ws/install/md_teleop/share/md_teleop/hook/pythonpath.ps1'
[0.817s] INFO:colcon.colcon_core.shell:Creating environment descriptor '/home/go/motor_ws/install/md_teleop/share/md_teleop/hook/pythonpath.dsv'
[0.817s] INFO:colcon.colcon_core.shell:Creating environment hook '/home/go/motor_ws/install/md_teleop/share/md_teleop/hook/pythonpath.sh'
[0.818s] Level 1:colcon.colcon_core.environment:checking '/home/go/motor_ws/install/md_teleop/bin'
[0.818s] Level 1:colcon.colcon_core.environment:create_environment_scripts_only(md_teleop)
[0.818s] INFO:colcon.colcon_core.shell:Creating package script '/home/go/motor_ws/install/md_teleop/share/md_teleop/package.ps1'
[0.818s] INFO:colcon.colcon_core.shell:Creating package descriptor '/home/go/motor_ws/install/md_teleop/share/md_teleop/package.dsv'
[0.818s] INFO:colcon.colcon_core.shell:Creating package script '/home/go/motor_ws/install/md_teleop/share/md_teleop/package.sh'
[0.819s] INFO:colcon.colcon_core.shell:Creating package script '/home/go/motor_ws/install/md_teleop/share/md_teleop/package.bash'
[0.819s] INFO:colcon.colcon_core.shell:Creating package script '/home/go/motor_ws/install/md_teleop/share/md_teleop/package.zsh'
[0.819s] Level 1:colcon.colcon_core.environment:create_file_with_runtime_dependencies(/home/go/motor_ws/install/md_teleop/share/colcon-core/packages/md_teleop)
[1.156s] DEBUG:colcon.colcon_core.event_handler.log_command:Invoked command in '/home/go/motor_ws/build/md_controller' returned '0': CMAKE_PREFIX_PATH=${CMAKE_PREFIX_PATH}:/home/go/ros2_ws/install/md_teleop:/home/go/ros2_ws/src/human_tracker/install/human_tracker:/home/go/ros2_ws/src/sim_test/install/sim_test:/opt/ros/humble /usr/bin/cmake /home/go/motor_ws/src/md_controller -DCMAKE_EXPORT_COMPILE_COMMANDS=ON -DAMENT_CMAKE_SYMLINK_INSTALL=1 -DCMAKE_INSTALL_PREFIX=/home/go/motor_ws/install/md_controller
[1.156s] DEBUG:colcon.colcon_core.event_handler.log_command:Invoking command in '/home/go/motor_ws/build/md_controller': CMAKE_PREFIX_PATH=${CMAKE_PREFIX_PATH}:/home/go/ros2_ws/install/md_teleop:/home/go/ros2_ws/src/human_tracker/install/human_tracker:/home/go/ros2_ws/src/sim_test/install/sim_test:/opt/ros/humble /usr/bin/cmake --build /home/go/motor_ws/build/md_controller -- -j16 -l16
[6.991s] DEBUG:colcon.colcon_core.event_handler.log_command:Invoked command in '/home/go/motor_ws/build/md_controller' returned '0': CMAKE_PREFIX_PATH=${CMAKE_PREFIX_PATH}:/home/go/ros2_ws/install/md_teleop:/home/go/ros2_ws/src/human_tracker/install/human_tracker:/home/go/ros2_ws/src/sim_test/install/sim_test:/opt/ros/humble /usr/bin/cmake --build /home/go/motor_ws/build/md_controller -- -j16 -l16
[6.999s] DEBUG:colcon.colcon_core.event_handler.log_command:Invoking command in '/home/go/motor_ws/build/md_controller': CMAKE_PREFIX_PATH=${CMAKE_PREFIX_PATH}:/home/go/ros2_ws/install/md_teleop:/home/go/ros2_ws/src/human_tracker/install/human_tracker:/home/go/ros2_ws/src/sim_test/install/sim_test:/opt/ros/humble /usr/bin/cmake --install /home/go/motor_ws/build/md_controller
[7.137s] Level 1:colcon.colcon_core.environment:create_environment_scripts_only(md_controller)
[7.138s] Level 1:colcon.colcon_core.environment:checking '/home/go/motor_ws/install/md_controller' for CMake module files
[7.138s] DEBUG:colcon.colcon_core.event_handler.log_command:Invoked command in '/home/go/motor_ws/build/md_controller' returned '0': CMAKE_PREFIX_PATH=${CMAKE_PREFIX_PATH}:/home/go/ros2_ws/install/md_teleop:/home/go/ros2_ws/src/human_tracker/install/human_tracker:/home/go/ros2_ws/src/sim_test/install/sim_test:/opt/ros/humble /usr/bin/cmake --install /home/go/motor_ws/build/md_controller
[7.139s] Level 1:colcon.colcon_core.environment:checking '/home/go/motor_ws/install/md_controller' for CMake config files
[7.139s] Level 1:colcon.colcon_core.shell:create_environment_hook('md_controller', 'cmake_prefix_path')
[7.139s] INFO:colcon.colcon_core.shell:Creating environment hook '/home/go/motor_ws/install/md_controller/share/md_controller/hook/cmake_prefix_path.ps1'
[7.139s] INFO:colcon.colcon_core.shell:Creating environment descriptor '/home/go/motor_ws/install/md_controller/share/md_controller/hook/cmake_prefix_path.dsv'
[7.140s] INFO:colcon.colcon_core.shell:Creating environment hook '/home/go/motor_ws/install/md_controller/share/md_controller/hook/cmake_prefix_path.sh'
[7.140s] Level 1:colcon.colcon_core.environment:checking '/home/go/motor_ws/install/md_controller/lib'
[7.140s] Level 1:colcon.colcon_core.environment:checking '/home/go/motor_ws/install/md_controller/bin'
[7.140s] Level 1:colcon.colcon_core.environment:checking '/home/go/motor_ws/install/md_controller/lib/pkgconfig/md_controller.pc'
[7.140s] Level 1:colcon.colcon_core.environment:checking '/home/go/motor_ws/install/md_controller/lib/python3.10/site-packages'
[7.140s] Level 1:colcon.colcon_core.environment:checking '/home/go/motor_ws/install/md_controller/bin'
[7.140s] INFO:colcon.colcon_core.shell:Creating package script '/home/go/motor_ws/install/md_controller/share/md_controller/package.ps1'
[7.141s] INFO:colcon.colcon_core.shell:Creating package descriptor '/home/go/motor_ws/install/md_controller/share/md_controller/package.dsv'
[7.141s] INFO:colcon.colcon_core.shell:Creating package script '/home/go/motor_ws/install/md_controller/share/md_controller/package.sh'
[7.141s] INFO:colcon.colcon_core.shell:Creating package script '/home/go/motor_ws/install/md_controller/share/md_controller/package.bash'
[7.141s] INFO:colcon.colcon_core.shell:Creating package script '/home/go/motor_ws/install/md_controller/share/md_controller/package.zsh'
[7.141s] Level 1:colcon.colcon_core.environment:create_file_with_runtime_dependencies(/home/go/motor_ws/install/md_controller/share/colcon-core/packages/md_controller)
[7.141s] Level 1:colcon.colcon_core.environment:create_environment_scripts_only(md_controller)
[7.142s] Level 1:colcon.colcon_core.environment:checking '/home/go/motor_ws/install/md_controller' for CMake module files
[7.142s] Level 1:colcon.colcon_core.environment:checking '/home/go/motor_ws/install/md_controller' for CMake config files
[7.142s] Level 1:colcon.colcon_core.shell:create_environment_hook('md_controller', 'cmake_prefix_path')
[7.142s] INFO:colcon.colcon_core.shell:Creating environment hook '/home/go/motor_ws/install/md_controller/share/md_controller/hook/cmake_prefix_path.ps1'
[7.142s] INFO:colcon.colcon_core.shell:Creating environment descriptor '/home/go/motor_ws/install/md_controller/share/md_controller/hook/cmake_prefix_path.dsv'
[7.142s] INFO:colcon.colcon_core.shell:Creating environment hook '/home/go/motor_ws/install/md_controller/share/md_controller/hook/cmake_prefix_path.sh'
[7.143s] Level 1:colcon.colcon_core.environment:checking '/home/go/motor_ws/install/md_controller/lib'
[7.143s] Level 1:colcon.colcon_core.environment:checking '/home/go/motor_ws/install/md_controller/bin'
[7.143s] Level 1:colcon.colcon_core.environment:checking '/home/go/motor_ws/install/md_controller/lib/pkgconfig/md_controller.pc'
[7.143s] Level 1:colcon.colcon_core.environment:checking '/home/go/motor_ws/install/md_controller/lib/python3.10/site-packages'
[7.143s] Level 1:colcon.colcon_core.environment:checking '/home/go/motor_ws/install/md_controller/bin'
[7.143s] INFO:colcon.colcon_core.shell:Creating package script '/home/go/motor_ws/install/md_controller/share/md_controller/package.ps1'
[7.143s] INFO:colcon.colcon_core.shell:Creating package descriptor '/home/go/motor_ws/install/md_controller/share/md_controller/package.dsv'
[7.144s] INFO:colcon.colcon_core.shell:Creating package script '/home/go/motor_ws/install/md_controller/share/md_controller/package.sh'
[7.144s] INFO:colcon.colcon_core.shell:Creating package script '/home/go/motor_ws/install/md_controller/share/md_controller/package.bash'
[7.144s] INFO:colcon.colcon_core.shell:Creating package script '/home/go/motor_ws/install/md_controller/share/md_controller/package.zsh'
[7.144s] Level 1:colcon.colcon_core.environment:create_file_with_runtime_dependencies(/home/go/motor_ws/install/md_controller/share/colcon-core/packages/md_controller)
[7.144s] DEBUG:colcon.colcon_parallel_executor.executor.parallel:closing loop
[7.144s] DEBUG:colcon.colcon_parallel_executor.executor.parallel:loop closed
[7.144s] DEBUG:colcon.colcon_parallel_executor.executor.parallel:run_until_complete finished with '0'
[7.145s] DEBUG:colcon.colcon_core.event_reactor:joining thread
[7.148s] INFO:colcon.colcon_core.plugin_system:Skipping extension 'colcon_notification.desktop_notification.terminal_notifier': Not used on non-Darwin systems
[7.149s] INFO:colcon.colcon_core.plugin_system:Skipping extension 'colcon_notification.desktop_notification.win32': Not used on non-Windows systems
[7.149s] INFO:colcon.colcon_notification.desktop_notification:Sending desktop notification using 'notify2'
[7.162s] DEBUG:colcon.colcon_core.event_reactor:joined thread
[7.162s] INFO:colcon.colcon_core.shell:Creating prefix script '/home/go/motor_ws/install/local_setup.ps1'
[7.163s] INFO:colcon.colcon_core.shell:Creating prefix util module '/home/go/motor_ws/install/_local_setup_util_ps1.py'
[7.164s] INFO:colcon.colcon_core.shell:Creating prefix chain script '/home/go/motor_ws/install/setup.ps1'
[7.165s] INFO:colcon.colcon_core.shell:Creating prefix script '/home/go/motor_ws/install/local_setup.sh'
[7.165s] INFO:colcon.colcon_core.shell:Creating prefix util module '/home/go/motor_ws/install/_local_setup_util_sh.py'
[7.165s] INFO:colcon.colcon_core.shell:Creating prefix chain script '/home/go/motor_ws/install/setup.sh'
[7.166s] INFO:colcon.colcon_core.shell:Creating prefix script '/home/go/motor_ws/install/local_setup.bash'
[7.166s] INFO:colcon.colcon_core.shell:Creating prefix chain script '/home/go/motor_ws/install/setup.bash'
[7.166s] INFO:colcon.colcon_core.shell:Creating prefix script '/home/go/motor_ws/install/local_setup.zsh'
[7.167s] INFO:colcon.colcon_core.shell:Creating prefix chain script '/home/go/motor_ws/install/setup.zsh'
